<?xml version="1.0"?>
<coverage line-rate="0.750" branch-rate="0.000">
<sources><source>solver</source></sources>
<packages>
<package name="" line-rate="0.750" branch-rate="0.000">
<classes>
<class name="quadraticSolver" filename="quadraticSolver.m" line-rate="0.750" branch-rate="0.0">
<methods></methods><lines>
<line number="5" hits="2" branch="false"/>
<line number="6" hits="0" branch="false"/>
<line number="10" hits="2" branch="false"/>
<line number="11" hits="2" branch="false"/>
</lines>
</class>
</classes></package></packages>
</coverage>
