<?xml version="1.0"?>
<coverage line-rate="0.000" branch-rate="0.000">
<sources><source>..</source></sources>
<packages>
<package name="" line-rate="0.000" branch-rate="0.000">
<classes>
<class name="matRad_exportGUI" filename="IO\matRad_exportGUI.m" line-rate="0.000" branch-rate="0.0">
<methods></methods><lines>
<line number="41" hits="0" branch="false"/>
<line number="42" hits="0" branch="false"/>
<line number="48" hits="0" branch="false"/>
<line number="49" hits="0" branch="false"/>
<line number="52" hits="0" branch="false"/>
<line number="53" hits="0" branch="false"/>
<line number="55" hits="0" branch="false"/>
<line number="68" hits="0" branch="false"/>
<line number="71" hits="0" branch="false"/>
<line number="72" hits="0" branch="false"/>
<line number="73" hits="0" branch="false"/>
<line number="74" hits="0" branch="false"/>
<line number="75" hits="0" branch="false"/>
<line number="77" hits="0" branch="false"/>
<line number="78" hits="0" branch="false"/>
<line number="80" hits="0" branch="false"/>
<line number="83" hits="0" branch="false"/>
<line number="84" hits="0" branch="false"/>
<line number="85" hits="0" branch="false"/>
<line number="86" hits="0" branch="false"/>
<line number="87" hits="0" branch="false"/>
<line number="88" hits="0" branch="false"/>
<line number="89" hits="0" branch="false"/>
<line number="91" hits="0" branch="false"/>
<line number="92" hits="0" branch="false"/>
<line number="94" hits="0" branch="false"/>
<line number="95" hits="0" branch="false"/>
<line number="96" hits="0" branch="false"/>
<line number="97" hits="0" branch="false"/>
<line number="99" hits="0" branch="false"/>
<line number="100" hits="0" branch="false"/>
<line number="102" hits="0" branch="false"/>
<line number="106" hits="0" branch="false"/>
<line number="108" hits="0" branch="false"/>
<line number="122" hits="0" branch="false"/>
<line number="129" hits="0" branch="false"/>
<line number="130" hits="0" branch="false"/>
<line number="134" hits="0" branch="false"/>
<line number="135" hits="0" branch="false"/>
<line number="137" hits="0" branch="false"/>
<line number="138" hits="0" branch="false"/>
<line number="139" hits="0" branch="false"/>
<line number="141" hits="0" branch="false"/>
<line number="143" hits="0" branch="false"/>
<line number="144" hits="0" branch="false"/>
<line number="145" hits="0" branch="false"/>
<line number="148" hits="0" branch="false"/>
<line number="157" hits="0" branch="false"/>
<line number="160" hits="0" branch="false"/>
<line number="161" hits="0" branch="false"/>
<line number="163" hits="0" branch="false"/>
<line number="185" hits="0" branch="false"/>
<line number="186" hits="0" branch="false"/>
<line number="198" hits="0" branch="false"/>
<line number="199" hits="0" branch="false"/>
<line number="200" hits="0" branch="false"/>
<line number="203" hits="0" branch="false"/>
<line number="226" hits="0" branch="false"/>
<line number="227" hits="0" branch="false"/>
<line number="237" hits="0" branch="false"/>
<line number="238" hits="0" branch="false"/>
<line number="239" hits="0" branch="false"/>
<line number="240" hits="0" branch="false"/>
<line number="242" hits="0" branch="false"/>
<line number="254" hits="0" branch="false"/>
<line number="257" hits="0" branch="false"/>
<line number="258" hits="0" branch="false"/>
<line number="262" hits="0" branch="false"/>
<line number="263" hits="0" branch="false"/>
<line number="264" hits="0" branch="false"/>
<line number="266" hits="0" branch="false"/>
<line number="267" hits="0" branch="false"/>
<line number="277" hits="0" branch="false"/>
<line number="278" hits="0" branch="false"/>
<line number="302" hits="0" branch="false"/>
<line number="303" hits="0" branch="false"/>
<line number="304" hits="0" branch="false"/>
<line number="305" hits="0" branch="false"/>
<line number="309" hits="0" branch="false"/>
<line number="310" hits="0" branch="false"/>
<line number="321" hits="0" branch="false"/>
<line number="324" hits="0" branch="false"/>
<line number="325" hits="0" branch="false"/>
<line number="326" hits="0" branch="false"/>
<line number="328" hits="0" branch="false"/>
<line number="329" hits="0" branch="false"/>
<line number="332" hits="0" branch="false"/>
<line number="333" hits="0" branch="false"/>
<line number="338" hits="0" branch="false"/>
<line number="339" hits="0" branch="false"/>
<line number="340" hits="0" branch="false"/>
<line number="341" hits="0" branch="false"/>
<line number="343" hits="0" branch="false"/>
<line number="344" hits="0" branch="false"/>
<line number="348" hits="0" branch="false"/>
<line number="349" hits="0" branch="false"/>
<line number="350" hits="0" branch="false"/>
<line number="351" hits="0" branch="false"/>
<line number="352" hits="0" branch="false"/>
<line number="353" hits="0" branch="false"/>
<line number="358" hits="0" branch="false"/>
<line number="359" hits="0" branch="false"/>
<line number="360" hits="0" branch="false"/>
<line number="361" hits="0" branch="false"/>
<line number="362" hits="0" branch="false"/>
<line number="363" hits="0" branch="false"/>
<line number="369" hits="0" branch="false"/>
<line number="371" hits="0" branch="false"/>
<line number="372" hits="0" branch="false"/>
<line number="375" hits="0" branch="false"/>
<line number="376" hits="0" branch="false"/>
<line number="377" hits="0" branch="false"/>
<line number="378" hits="0" branch="false"/>
<line number="379" hits="0" branch="false"/>
<line number="385" hits="0" branch="false"/>
<line number="386" hits="0" branch="false"/>
<line number="387" hits="0" branch="false"/>
<line number="388" hits="0" branch="false"/>
<line number="391" hits="0" branch="false"/>
<line number="392" hits="0" branch="false"/>
<line number="394" hits="0" branch="false"/>
<line number="395" hits="0" branch="false"/>
<line number="396" hits="0" branch="false"/>
<line number="399" hits="0" branch="false"/>
<line number="402" hits="0" branch="false"/>
<line number="403" hits="0" branch="false"/>
<line number="404" hits="0" branch="false"/>
<line number="405" hits="0" branch="false"/>
<line number="409" hits="0" branch="false"/>
<line number="410" hits="0" branch="false"/>
<line number="411" hits="0" branch="false"/>
<line number="414" hits="0" branch="false"/>
<line number="416" hits="0" branch="false"/>
<line number="417" hits="0" branch="false"/>
<line number="420" hits="0" branch="false"/>
<line number="422" hits="0" branch="false"/>
<line number="424" hits="0" branch="false"/>
<line number="425" hits="0" branch="false"/>
<line number="426" hits="0" branch="false"/>
<line number="429" hits="0" branch="false"/>
<line number="430" hits="0" branch="false"/>
<line number="431" hits="0" branch="false"/>
<line number="432" hits="0" branch="false"/>
<line number="436" hits="0" branch="false"/>
<line number="438" hits="0" branch="false"/>
<line number="440" hits="0" branch="false"/>
<line number="441" hits="0" branch="false"/>
<line number="444" hits="0" branch="false"/>
<line number="445" hits="0" branch="false"/>
<line number="447" hits="0" branch="false"/>
<line number="448" hits="0" branch="false"/>
<line number="450" hits="0" branch="false"/>
<line number="456" hits="0" branch="false"/>
<line number="457" hits="0" branch="false"/>
<line number="458" hits="0" branch="false"/>
<line number="460" hits="0" branch="false"/>
<line number="462" hits="0" branch="false"/>
<line number="463" hits="0" branch="false"/>
<line number="464" hits="0" branch="false"/>
<line number="468" hits="0" branch="false"/>
<line number="476" hits="0" branch="false"/>
</lines>
</class>
<class name="matRad_importGUI" filename="IO\matRad_importGUI.m" line-rate="0.000" branch-rate="0.0">
<methods></methods><lines>
<line number="41" hits="0" branch="false"/>
<line number="42" hits="0" branch="false"/>
<line number="48" hits="0" branch="false"/>
<line number="49" hits="0" branch="false"/>
<line number="52" hits="0" branch="false"/>
<line number="53" hits="0" branch="false"/>
<line number="55" hits="0" branch="false"/>
<line number="69" hits="0" branch="false"/>
<line number="72" hits="0" branch="false"/>
<line number="86" hits="0" branch="false"/>
<line number="107" hits="0" branch="false"/>
<line number="108" hits="0" branch="false"/>
<line number="118" hits="0" branch="false"/>
<line number="119" hits="0" branch="false"/>
<line number="120" hits="0" branch="false"/>
<line number="122" hits="0" branch="false"/>
<line number="144" hits="0" branch="false"/>
<line number="145" hits="0" branch="false"/>
<line number="148" hits="0" branch="false"/>
<line number="157" hits="0" branch="false"/>
<line number="158" hits="0" branch="false"/>
<line number="159" hits="0" branch="false"/>
<line number="160" hits="0" branch="false"/>
<line number="161" hits="0" branch="false"/>
<line number="162" hits="0" branch="false"/>
<line number="164" hits="0" branch="false"/>
<line number="165" hits="0" branch="false"/>
<line number="166" hits="0" branch="false"/>
<line number="167" hits="0" branch="false"/>
<line number="169" hits="0" branch="false"/>
<line number="179" hits="0" branch="false"/>
<line number="180" hits="0" branch="false"/>
<line number="182" hits="0" branch="false"/>
<line number="183" hits="0" branch="false"/>
<line number="186" hits="0" branch="false"/>
<line number="188" hits="0" branch="false"/>
<line number="189" hits="0" branch="false"/>
<line number="191" hits="0" branch="false"/>
<line number="194" hits="0" branch="false"/>
<line number="196" hits="0" branch="false"/>
<line number="197" hits="0" branch="false"/>
<line number="199" hits="0" branch="false"/>
<line number="207" hits="0" branch="false"/>
<line number="215" hits="0" branch="false"/>
<line number="216" hits="0" branch="false"/>
<line number="217" hits="0" branch="false"/>
<line number="218" hits="0" branch="false"/>
<line number="219" hits="0" branch="false"/>
<line number="220" hits="0" branch="false"/>
<line number="222" hits="0" branch="false"/>
<line number="233" hits="0" branch="false"/>
<line number="234" hits="0" branch="false"/>
<line number="235" hits="0" branch="false"/>
<line number="236" hits="0" branch="false"/>
<line number="237" hits="0" branch="false"/>
<line number="239" hits="0" branch="false"/>
<line number="240" hits="0" branch="false"/>
<line number="241" hits="0" branch="false"/>
<line number="243" hits="0" branch="false"/>
<line number="249" hits="0" branch="false"/>
<line number="252" hits="0" branch="false"/>
<line number="253" hits="0" branch="false"/>
<line number="254" hits="0" branch="false"/>
<line number="255" hits="0" branch="false"/>
<line number="256" hits="0" branch="false"/>
<line number="257" hits="0" branch="false"/>
<line number="258" hits="0" branch="false"/>
<line number="261" hits="0" branch="false"/>
<line number="262" hits="0" branch="false"/>
<line number="263" hits="0" branch="false"/>
<line number="264" hits="0" branch="false"/>
<line number="265" hits="0" branch="false"/>
<line number="266" hits="0" branch="false"/>
<line number="268" hits="0" branch="false"/>
<line number="279" hits="0" branch="false"/>
<line number="281" hits="0" branch="false"/>
<line number="282" hits="0" branch="false"/>
<line number="284" hits="0" branch="false"/>
<line number="288" hits="0" branch="false"/>
<line number="289" hits="0" branch="false"/>
<line number="309" hits="0" branch="false"/>
<line number="310" hits="0" branch="false"/>
<line number="320" hits="0" branch="false"/>
<line number="321" hits="0" branch="false"/>
<line number="322" hits="0" branch="false"/>
<line number="324" hits="0" branch="false"/>
</lines>
</class>
<class name="matRad_importPatient" filename="IO\matRad_importPatient.m" line-rate="0.000" branch-rate="0.0">
<methods></methods><lines>
<line number="35" hits="0" branch="false"/>
<line number="37" hits="0" branch="false"/>
<line number="38" hits="0" branch="false"/>
<line number="40" hits="0" branch="false"/>
<line number="42" hits="0" branch="false"/>
<line number="43" hits="0" branch="false"/>
<line number="44" hits="0" branch="false"/>
<line number="45" hits="0" branch="false"/>
<line number="48" hits="0" branch="false"/>
<line number="49" hits="0" branch="false"/>
<line number="50" hits="0" branch="false"/>
<line number="51" hits="0" branch="false"/>
<line number="53" hits="0" branch="false"/>
<line number="55" hits="0" branch="false"/>
<line number="56" hits="0" branch="false"/>
<line number="57" hits="0" branch="false"/>
<line number="61" hits="0" branch="false"/>
<line number="62" hits="0" branch="false"/>
<line number="63" hits="0" branch="false"/>
<line number="64" hits="0" branch="false"/>
<line number="65" hits="0" branch="false"/>
<line number="66" hits="0" branch="false"/>
<line number="67" hits="0" branch="false"/>
<line number="68" hits="0" branch="false"/>
<line number="69" hits="0" branch="false"/>
<line number="70" hits="0" branch="false"/>
<line number="71" hits="0" branch="false"/>
<line number="72" hits="0" branch="false"/>
<line number="73" hits="0" branch="false"/>
<line number="74" hits="0" branch="false"/>
<line number="77" hits="0" branch="false"/>
<line number="79" hits="0" branch="false"/>
<line number="80" hits="0" branch="false"/>
<line number="81" hits="0" branch="false"/>
<line number="82" hits="0" branch="false"/>
<line number="84" hits="0" branch="false"/>
<line number="88" hits="0" branch="false"/>
<line number="92" hits="0" branch="false"/>
<line number="93" hits="0" branch="false"/>
<line number="94" hits="0" branch="false"/>
<line number="100" hits="0" branch="false"/>
<line number="101" hits="0" branch="false"/>
<line number="102" hits="0" branch="false"/>
<line number="103" hits="0" branch="false"/>
<line number="104" hits="0" branch="false"/>
<line number="105" hits="0" branch="false"/>
<line number="106" hits="0" branch="false"/>
<line number="107" hits="0" branch="false"/>
<line number="108" hits="0" branch="false"/>
<line number="112" hits="0" branch="false"/>
<line number="113" hits="0" branch="false"/>
<line number="114" hits="0" branch="false"/>
<line number="115" hits="0" branch="false"/>
<line number="116" hits="0" branch="false"/>
<line number="117" hits="0" branch="false"/>
<line number="120" hits="0" branch="false"/>
</lines>
</class>
<class name="matRad_readCube" filename="IO\matRad_readCube.m" line-rate="0.000" branch-rate="0.0">
<methods></methods><lines>
<line number="25" hits="0" branch="false"/>
<line number="26" hits="0" branch="false"/>
<line number="29" hits="0" branch="false"/>
<line number="31" hits="0" branch="false"/>
<line number="33" hits="0" branch="false"/>
<line number="34" hits="0" branch="false"/>
<line number="35" hits="0" branch="false"/>
<line number="36" hits="0" branch="false"/>
<line number="37" hits="0" branch="false"/>
<line number="39" hits="0" branch="false"/>
<line number="40" hits="0" branch="false"/>
</lines>
</class>
<class name="matRad_readHLUT" filename="IO\matRad_readHLUT.m" line-rate="0.000" branch-rate="0.0">
<methods></methods><lines>
<line number="30" hits="0" branch="false"/>
<line number="32" hits="0" branch="false"/>
<line number="33" hits="0" branch="false"/>
<line number="36" hits="0" branch="false"/>
<line number="37" hits="0" branch="false"/>
<line number="38" hits="0" branch="false"/>
<line number="40" hits="0" branch="false"/>
<line number="41" hits="0" branch="false"/>
<line number="43" hits="0" branch="false"/>
<line number="44" hits="0" branch="false"/>
<line number="45" hits="0" branch="false"/>
</lines>
</class>
<class name="matRad_readNRRD" filename="IO\matRad_readNRRD.m" line-rate="0.000" branch-rate="0.0">
<methods></methods><lines>
<line number="31" hits="0" branch="false"/>
<line number="32" hits="0" branch="false"/>
<line number="33" hits="0" branch="false"/>
<line number="35" hits="0" branch="false"/>
<line number="38" hits="0" branch="false"/>
<line number="39" hits="0" branch="false"/>
<line number="40" hits="0" branch="false"/>
<line number="41" hits="0" branch="false"/>
<line number="43" hits="0" branch="false"/>
<line number="45" hits="0" branch="false"/>
<line number="46" hits="0" branch="false"/>
<line number="50" hits="0" branch="false"/>
<line number="51" hits="0" branch="false"/>
<line number="52" hits="0" branch="false"/>
<line number="54" hits="0" branch="false"/>
<line number="55" hits="0" branch="false"/>
<line number="57" hits="0" branch="false"/>
<line number="58" hits="0" branch="false"/>
<line number="61" hits="0" branch="false"/>
<line number="62" hits="0" branch="false"/>
<line number="63" hits="0" branch="false"/>
<line number="65" hits="0" branch="false"/>
<line number="66" hits="0" branch="false"/>
<line number="68" hits="0" branch="false"/>
<line number="69" hits="0" branch="false"/>
<line number="71" hits="0" branch="false"/>
<line number="74" hits="0" branch="false"/>
<line number="79" hits="0" branch="false"/>
<line number="80" hits="0" branch="false"/>
<line number="81" hits="0" branch="false"/>
<line number="82" hits="0" branch="false"/>
<line number="84" hits="0" branch="false"/>
<line number="85" hits="0" branch="false"/>
<line number="86" hits="0" branch="false"/>
<line number="87" hits="0" branch="false"/>
<line number="88" hits="0" branch="false"/>
<line number="92" hits="0" branch="false"/>
<line number="93" hits="0" branch="false"/>
<line number="94" hits="0" branch="false"/>
<line number="96" hits="0" branch="false"/>
<line number="97" hits="0" branch="false"/>
<line number="100" hits="0" branch="false"/>
<line number="101" hits="0" branch="false"/>
<line number="104" hits="0" branch="false"/>
<line number="107" hits="0" branch="false"/>
<line number="110" hits="0" branch="false"/>
<line number="114" hits="0" branch="false"/>
<line number="115" hits="0" branch="false"/>
<line number="116" hits="0" branch="false"/>
<line number="117" hits="0" branch="false"/>
<line number="118" hits="0" branch="false"/>
<line number="121" hits="0" branch="false"/>
<line number="125" hits="0" branch="false"/>
<line number="126" hits="0" branch="false"/>
<line number="127" hits="0" branch="false"/>
<line number="128" hits="0" branch="false"/>
<line number="129" hits="0" branch="false"/>
<line number="131" hits="0" branch="false"/>
<line number="133" hits="0" branch="false"/>
<line number="138" hits="0" branch="false"/>
<line number="139" hits="0" branch="false"/>
<line number="140" hits="0" branch="false"/>
<line number="141" hits="0" branch="false"/>
<line number="142" hits="0" branch="false"/>
<line number="143" hits="0" branch="false"/>
<line number="145" hits="0" branch="false"/>
<line number="149" hits="0" branch="false"/>
<line number="154" hits="0" branch="false"/>
<line number="155" hits="0" branch="false"/>
<line number="156" hits="0" branch="false"/>
<line number="158" hits="0" branch="false"/>
<line number="160" hits="0" branch="false"/>
<line number="165" hits="0" branch="false"/>
<line number="167" hits="0" branch="false"/>
<line number="169" hits="0" branch="false"/>
<line number="170" hits="0" branch="false"/>
<line number="172" hits="0" branch="false"/>
<line number="173" hits="0" branch="false"/>
<line number="177" hits="0" branch="false"/>
<line number="181" hits="0" branch="false"/>
<line number="182" hits="0" branch="false"/>
<line number="184" hits="0" branch="false"/>
<line number="185" hits="0" branch="false"/>
<line number="186" hits="0" branch="false"/>
<line number="188" hits="0" branch="false"/>
<line number="189" hits="0" branch="false"/>
<line number="190" hits="0" branch="false"/>
<line number="196" hits="0" branch="false"/>
<line number="197" hits="0" branch="false"/>
<line number="198" hits="0" branch="false"/>
<line number="202" hits="0" branch="false"/>
<line number="203" hits="0" branch="false"/>
<line number="204" hits="0" branch="false"/>
<line number="205" hits="0" branch="false"/>
<line number="216" hits="0" branch="false"/>
<line number="217" hits="0" branch="false"/>
<line number="218" hits="0" branch="false"/>
<line number="220" hits="0" branch="false"/>
<line number="222" hits="0" branch="false"/>
<line number="224" hits="0" branch="false"/>
<line number="226" hits="0" branch="false"/>
<line number="228" hits="0" branch="false"/>
<line number="230" hits="0" branch="false"/>
<line number="232" hits="0" branch="false"/>
<line number="234" hits="0" branch="false"/>
<line number="235" hits="0" branch="false"/>
<line number="236" hits="0" branch="false"/>
<line number="237" hits="0" branch="false"/>
<line number="238" hits="0" branch="false"/>
<line number="239" hits="0" branch="false"/>
<line number="240" hits="0" branch="false"/>
<line number="241" hits="0" branch="false"/>
<line number="242" hits="0" branch="false"/>
<line number="243" hits="0" branch="false"/>
<line number="244" hits="0" branch="false"/>
<line number="245" hits="0" branch="false"/>
<line number="248" hits="0" branch="false"/>
<line number="250" hits="0" branch="false"/>
<line number="251" hits="0" branch="false"/>
<line number="252" hits="0" branch="false"/>
<line number="254" hits="0" branch="false"/>
<line number="255" hits="0" branch="false"/>
<line number="258" hits="0" branch="false"/>
<line number="259" hits="0" branch="false"/>
<line number="262" hits="0" branch="false"/>
<line number="265" hits="0" branch="false"/>
<line number="266" hits="0" branch="false"/>
<line number="267" hits="0" branch="false"/>
<line number="269" hits="0" branch="false"/>
<line number="271" hits="0" branch="false"/>
<line number="274" hits="0" branch="false"/>
<line number="275" hits="0" branch="false"/>
<line number="276" hits="0" branch="false"/>
<line number="280" hits="0" branch="false"/>
<line number="281" hits="0" branch="false"/>
<line number="284" hits="0" branch="false"/>
<line number="287" hits="0" branch="false"/>
<line number="292" hits="0" branch="false"/>
<line number="293" hits="0" branch="false"/>
<line number="295" hits="0" branch="false"/>
<line number="297" hits="0" branch="false"/>
<line number="308" hits="0" branch="false"/>
<line number="310" hits="0" branch="false"/>
<line number="312" hits="0" branch="false"/>
<line number="314" hits="0" branch="false"/>
<line number="316" hits="0" branch="false"/>
<line number="318" hits="0" branch="false"/>
<line number="320" hits="0" branch="false"/>
<line number="322" hits="0" branch="false"/>
<line number="324" hits="0" branch="false"/>
<line number="326" hits="0" branch="false"/>
<line number="328" hits="0" branch="false"/>
<line number="329" hits="0" branch="false"/>
<line number="330" hits="0" branch="false"/>
</lines>
</class>
<class name="matRad_writeCube" filename="IO\matRad_writeCube.m" line-rate="0.000" branch-rate="0.0">
<methods></methods><lines>
<line number="39" hits="0" branch="false"/>
<line number="40" hits="0" branch="false"/>
<line number="41" hits="0" branch="false"/>
<line number="46" hits="0" branch="false"/>
<line number="47" hits="0" branch="false"/>
<line number="48" hits="0" branch="false"/>
<line number="49" hits="0" branch="false"/>
<line number="54" hits="0" branch="false"/>
<line number="57" hits="0" branch="false"/>
<line number="60" hits="0" branch="false"/>
<line number="61" hits="0" branch="false"/>
<line number="64" hits="0" branch="false"/>
<line number="65" hits="0" branch="false"/>
<line number="66" hits="0" branch="false"/>
<line number="69" hits="0" branch="false"/>
<line number="70" hits="0" branch="false"/>
<line number="74" hits="0" branch="false"/>
<line number="78" hits="0" branch="false"/>
<line number="80" hits="0" branch="false"/>
<line number="82" hits="0" branch="false"/>
<line number="84" hits="0" branch="false"/>
<line number="85" hits="0" branch="false"/>
<line number="86" hits="0" branch="false"/>
<line number="89" hits="0" branch="false"/>
<line number="90" hits="0" branch="false"/>
</lines>
</class>
<class name="matRad_writeMHA" filename="IO\matRad_writeMHA.m" line-rate="0.000" branch-rate="0.0">
<methods></methods><lines>
<line number="36" hits="0" branch="false"/>
<line number="37" hits="0" branch="false"/>
<line number="38" hits="0" branch="false"/>
<line number="41" hits="0" branch="false"/>
<line number="42" hits="0" branch="false"/>
<line number="43" hits="0" branch="false"/>
<line number="45" hits="0" branch="false"/>
<line number="48" hits="0" branch="false"/>
<line number="49" hits="0" branch="false"/>
<line number="52" hits="0" branch="false"/>
<line number="53" hits="0" branch="false"/>
<line number="56" hits="0" branch="false"/>
<line number="57" hits="0" branch="false"/>
<line number="59" hits="0" branch="false"/>
<line number="61" hits="0" branch="false"/>
<line number="62" hits="0" branch="false"/>
<line number="63" hits="0" branch="false"/>
<line number="66" hits="0" branch="false"/>
<line number="67" hits="0" branch="false"/>
<line number="68" hits="0" branch="false"/>
<line number="69" hits="0" branch="false"/>
<line number="70" hits="0" branch="false"/>
<line number="71" hits="0" branch="false"/>
<line number="72" hits="0" branch="false"/>
<line number="73" hits="0" branch="false"/>
<line number="74" hits="0" branch="false"/>
<line number="75" hits="0" branch="false"/>
<line number="76" hits="0" branch="false"/>
<line number="77" hits="0" branch="false"/>
<line number="78" hits="0" branch="false"/>
<line number="79" hits="0" branch="false"/>
<line number="84" hits="0" branch="false"/>
<line number="86" hits="0" branch="false"/>
<line number="88" hits="0" branch="false"/>
<line number="90" hits="0" branch="false"/>
<line number="92" hits="0" branch="false"/>
<line number="94" hits="0" branch="false"/>
<line number="96" hits="0" branch="false"/>
<line number="98" hits="0" branch="false"/>
<line number="100" hits="0" branch="false"/>
<line number="102" hits="0" branch="false"/>
<line number="104" hits="0" branch="false"/>
<line number="105" hits="0" branch="false"/>
<line number="106" hits="0" branch="false"/>
</lines>
</class>
<class name="matRad_writeNRRD" filename="IO\matRad_writeNRRD.m" line-rate="0.000" branch-rate="0.0">
<methods></methods><lines>
<line number="32" hits="0" branch="false"/>
<line number="33" hits="0" branch="false"/>
<line number="34" hits="0" branch="false"/>
<line number="36" hits="0" branch="false"/>
<line number="39" hits="0" branch="false"/>
<line number="42" hits="0" branch="false"/>
<line number="45" hits="0" branch="false"/>
<line number="46" hits="0" branch="false"/>
<line number="47" hits="0" branch="false"/>
<line number="48" hits="0" branch="false"/>
<line number="49" hits="0" branch="false"/>
<line number="50" hits="0" branch="false"/>
<line number="52" hits="0" branch="false"/>
<line number="54" hits="0" branch="false"/>
<line number="55" hits="0" branch="false"/>
<line number="56" hits="0" branch="false"/>
<line number="59" hits="0" branch="false"/>
<line number="60" hits="0" branch="false"/>
<line number="65" hits="0" branch="false"/>
<line number="66" hits="0" branch="false"/>
<line number="69" hits="0" branch="false"/>
<line number="70" hits="0" branch="false"/>
<line number="73" hits="0" branch="false"/>
<line number="74" hits="0" branch="false"/>
<line number="76" hits="0" branch="false"/>
<line number="77" hits="0" branch="false"/>
<line number="80" hits="0" branch="false"/>
<line number="81" hits="0" branch="false"/>
<line number="84" hits="0" branch="false"/>
<line number="87" hits="0" branch="false"/>
<line number="88" hits="0" branch="false"/>
<line number="89" hits="0" branch="false"/>
<line number="91" hits="0" branch="false"/>
<line number="94" hits="0" branch="false"/>
<line number="95" hits="0" branch="false"/>
<line number="96" hits="0" branch="false"/>
<line number="97" hits="0" branch="false"/>
<line number="98" hits="0" branch="false"/>
<line number="99" hits="0" branch="false"/>
<line number="102" hits="0" branch="false"/>
<line number="103" hits="0" branch="false"/>
<line number="108" hits="0" branch="false"/>
<line number="109" hits="0" branch="false"/>
<line number="110" hits="0" branch="false"/>
<line number="111" hits="0" branch="false"/>
<line number="114" hits="0" branch="false"/>
<line number="115" hits="0" branch="false"/>
<line number="119" hits="0" branch="false"/>
<line number="120" hits="0" branch="false"/>
<line number="121" hits="0" branch="false"/>
<line number="125" hits="0" branch="false"/>
<line number="127" hits="0" branch="false"/>
<line number="128" hits="0" branch="false"/>
<line number="129" hits="0" branch="false"/>
<line number="130" hits="0" branch="false"/>
<line number="131" hits="0" branch="false"/>
<line number="132" hits="0" branch="false"/>
<line number="133" hits="0" branch="false"/>
<line number="134" hits="0" branch="false"/>
<line number="136" hits="0" branch="false"/>
<line number="139" hits="0" branch="false"/>
<line number="140" hits="0" branch="false"/>
<line number="147" hits="0" branch="false"/>
<line number="148" hits="0" branch="false"/>
<line number="149" hits="0" branch="false"/>
<line number="150" hits="0" branch="false"/>
<line number="151" hits="0" branch="false"/>
<line number="154" hits="0" branch="false"/>
<line number="155" hits="0" branch="false"/>
<line number="156" hits="0" branch="false"/>
<line number="158" hits="0" branch="false"/>
<line number="163" hits="0" branch="false"/>
<line number="164" hits="0" branch="false"/>
<line number="165" hits="0" branch="false"/>
<line number="168" hits="0" branch="false"/>
<line number="174" hits="0" branch="false"/>
<line number="176" hits="0" branch="false"/>
<line number="177" hits="0" branch="false"/>
<line number="180" hits="0" branch="false"/>
<line number="181" hits="0" branch="false"/>
<line number="183" hits="0" branch="false"/>
<line number="184" hits="0" branch="false"/>
<line number="185" hits="0" branch="false"/>
<line number="192" hits="0" branch="false"/>
<line number="197" hits="0" branch="false"/>
<line number="202" hits="0" branch="false"/>
<line number="203" hits="0" branch="false"/>
<line number="208" hits="0" branch="false"/>
<line number="209" hits="0" branch="false"/>
<line number="214" hits="0" branch="false"/>
<line number="215" hits="0" branch="false"/>
<line number="216" hits="0" branch="false"/>
<line number="218" hits="0" branch="false"/>
<line number="224" hits="0" branch="false"/>
<line number="226" hits="0" branch="false"/>
<line number="227" hits="0" branch="false"/>
<line number="228" hits="0" branch="false"/>
</lines>
</class>
<class name="matRad_writeVTK" filename="IO\matRad_writeVTK.m" line-rate="0.000" branch-rate="0.0">
<methods></methods><lines>
<line number="36" hits="0" branch="false"/>
<line number="37" hits="0" branch="false"/>
<line number="38" hits="0" branch="false"/>
<line number="41" hits="0" branch="false"/>
<line number="42" hits="0" branch="false"/>
<line number="43" hits="0" branch="false"/>
<line number="45" hits="0" branch="false"/>
<line number="48" hits="0" branch="false"/>
<line number="49" hits="0" branch="false"/>
<line number="53" hits="0" branch="false"/>
<line number="54" hits="0" branch="false"/>
<line number="55" hits="0" branch="false"/>
<line number="56" hits="0" branch="false"/>
<line number="57" hits="0" branch="false"/>
<line number="58" hits="0" branch="false"/>
<line number="59" hits="0" branch="false"/>
<line number="60" hits="0" branch="false"/>
<line number="61" hits="0" branch="false"/>
<line number="62" hits="0" branch="false"/>
<line number="64" hits="0" branch="false"/>
<line number="66" hits="0" branch="false"/>
<line number="67" hits="0" branch="false"/>
<line number="68" hits="0" branch="false"/>
</lines>
</class>
<class name="MatRad_MCsquareConfig" filename="MCsquare\MatRad_MCsquareConfig.m" line-rate="0.000" branch-rate="0.0">
<methods></methods><lines>
<line number="123" hits="0" branch="false"/>
<line number="125" hits="0" branch="false"/>
<line number="127" hits="0" branch="false"/>
<line number="130" hits="0" branch="false"/>
<line number="131" hits="0" branch="false"/>
<line number="133" hits="0" branch="false"/>
<line number="136" hits="0" branch="false"/>
<line number="137" hits="0" branch="false"/>
<line number="139" hits="0" branch="false"/>
<line number="141" hits="0" branch="false"/>
<line number="143" hits="0" branch="false"/>
</lines>
</class>
<class name="matRad_compileMCsquareSparseReader" filename="MCsquare\matRad_compileMCsquareSparseReader.m" line-rate="0.000" branch-rate="0.0">
<methods></methods><lines>
<line number="35" hits="0" branch="false"/>
<line number="37" hits="0" branch="false"/>
<line number="38" hits="0" branch="false"/>
<line number="41" hits="0" branch="false"/>
<line number="42" hits="0" branch="false"/>
<line number="45" hits="0" branch="false"/>
<line number="46" hits="0" branch="false"/>
<line number="48" hits="0" branch="false"/>
<line number="49" hits="0" branch="false"/>
<line number="53" hits="0" branch="false"/>
<line number="54" hits="0" branch="false"/>
<line number="55" hits="0" branch="false"/>
<line number="57" hits="0" branch="false"/>
<line number="58" hits="0" branch="false"/>
<line number="61" hits="0" branch="false"/>
<line number="65" hits="0" branch="false"/>
<line number="66" hits="0" branch="false"/>
<line number="67" hits="0" branch="false"/>
<line number="69" hits="0" branch="false"/>
<line number="73" hits="0" branch="false"/>
<line number="75" hits="0" branch="false"/>
<line number="77" hits="0" branch="false"/>
<line number="78" hits="0" branch="false"/>
<line number="79" hits="0" branch="false"/>
<line number="80" hits="0" branch="false"/>
</lines>
</class>
<class name="matRad_readMhd" filename="MCsquare\matRad_readMhd.m" line-rate="0.000" branch-rate="0.0">
<methods></methods><lines>
<line number="31" hits="0" branch="false"/>
<line number="33" hits="0" branch="false"/>
<line number="36" hits="0" branch="false"/>
<line number="37" hits="0" branch="false"/>
<line number="40" hits="0" branch="false"/>
<line number="41" hits="0" branch="false"/>
<line number="42" hits="0" branch="false"/>
<line number="45" hits="0" branch="false"/>
<line number="46" hits="0" branch="false"/>
<line number="47" hits="0" branch="false"/>
<line number="49" hits="0" branch="false"/>
<line number="52" hits="0" branch="false"/>
<line number="53" hits="0" branch="false"/>
<line number="54" hits="0" branch="false"/>
<line number="55" hits="0" branch="false"/>
<line number="56" hits="0" branch="false"/>
</lines>
</class>
<class name="matRad_writeMCsquareinputAllFiles" filename="MCsquare\matRad_writeMCsquareinputAllFiles.m" line-rate="0.000" branch-rate="0.0">
<methods></methods><lines>
<line number="33" hits="0" branch="false"/>
<line number="34" hits="0" branch="false"/>
<line number="35" hits="0" branch="false"/>
<line number="38" hits="0" branch="false"/>
<line number="39" hits="0" branch="false"/>
<line number="40" hits="0" branch="false"/>
<line number="42" hits="0" branch="false"/>
<line number="43" hits="0" branch="false"/>
<line number="44" hits="0" branch="false"/>
<line number="46" hits="0" branch="false"/>
<line number="51" hits="0" branch="false"/>
<line number="53" hits="0" branch="false"/>
<line number="54" hits="0" branch="false"/>
<line number="55" hits="0" branch="false"/>
<line number="56" hits="0" branch="false"/>
<line number="57" hits="0" branch="false"/>
<line number="58" hits="0" branch="false"/>
<line number="59" hits="0" branch="false"/>
<line number="60" hits="0" branch="false"/>
<line number="61" hits="0" branch="false"/>
<line number="62" hits="0" branch="false"/>
<line number="63" hits="0" branch="false"/>
<line number="64" hits="0" branch="false"/>
<line number="66" hits="0" branch="false"/>
<line number="67" hits="0" branch="false"/>
<line number="69" hits="0" branch="false"/>
<line number="70" hits="0" branch="false"/>
<line number="71" hits="0" branch="false"/>
<line number="72" hits="0" branch="false"/>
<line number="73" hits="0" branch="false"/>
<line number="74" hits="0" branch="false"/>
<line number="75" hits="0" branch="false"/>
<line number="77" hits="0" branch="false"/>
<line number="79" hits="0" branch="false"/>
<line number="80" hits="0" branch="false"/>
<line number="81" hits="0" branch="false"/>
<line number="82" hits="0" branch="false"/>
<line number="83" hits="0" branch="false"/>
<line number="84" hits="0" branch="false"/>
<line number="85" hits="0" branch="false"/>
<line number="86" hits="0" branch="false"/>
<line number="87" hits="0" branch="false"/>
<line number="88" hits="0" branch="false"/>
<line number="90" hits="0" branch="false"/>
<line number="91" hits="0" branch="false"/>
<line number="92" hits="0" branch="false"/>
<line number="93" hits="0" branch="false"/>
<line number="94" hits="0" branch="false"/>
<line number="95" hits="0" branch="false"/>
<line number="96" hits="0" branch="false"/>
<line number="97" hits="0" branch="false"/>
<line number="98" hits="0" branch="false"/>
<line number="99" hits="0" branch="false"/>
<line number="101" hits="0" branch="false"/>
<line number="102" hits="0" branch="false"/>
<line number="104" hits="0" branch="false"/>
<line number="105" hits="0" branch="false"/>
<line number="106" hits="0" branch="false"/>
<line number="107" hits="0" branch="false"/>
<line number="108" hits="0" branch="false"/>
<line number="109" hits="0" branch="false"/>
<line number="110" hits="0" branch="false"/>
<line number="111" hits="0" branch="false"/>
<line number="112" hits="0" branch="false"/>
<line number="113" hits="0" branch="false"/>
<line number="115" hits="0" branch="false"/>
<line number="117" hits="0" branch="false"/>
<line number="122" hits="0" branch="false"/>
<line number="132" hits="0" branch="false"/>
<line number="135" hits="0" branch="false"/>
<line number="138" hits="0" branch="false"/>
<line number="142" hits="0" branch="false"/>
<line number="145" hits="0" branch="false"/>
<line number="148" hits="0" branch="false"/>
</lines>
</class>
<class name="matRad_writeMhd" filename="MCsquare\matRad_writeMhd.m" line-rate="0.000" branch-rate="0.0">
<methods></methods><lines>
<line number="21" hits="0" branch="false"/>
<line number="23" hits="0" branch="false"/>
<line number="24" hits="0" branch="false"/>
<line number="25" hits="0" branch="false"/>
<line number="26" hits="0" branch="false"/>
<line number="27" hits="0" branch="false"/>
<line number="28" hits="0" branch="false"/>
<line number="29" hits="0" branch="false"/>
<line number="30" hits="0" branch="false"/>
<line number="31" hits="0" branch="false"/>
<line number="32" hits="0" branch="false"/>
<line number="33" hits="0" branch="false"/>
<line number="34" hits="0" branch="false"/>
<line number="35" hits="0" branch="false"/>
<line number="36" hits="0" branch="false"/>
<line number="38" hits="0" branch="false"/>
<line number="41" hits="0" branch="false"/>
<line number="43" hits="0" branch="false"/>
<line number="44" hits="0" branch="false"/>
<line number="46" hits="0" branch="false"/>
<line number="47" hits="0" branch="false"/>
</lines>
</class>
<class name="MatRad_Config" filename="MatRad_Config.m" line-rate="0.000" branch-rate="0.0">
<methods></methods><lines>
<line number="62" hits="0" branch="false"/>
<line number="65" hits="0" branch="false"/>
<line number="66" hits="0" branch="false"/>
<line number="67" hits="0" branch="false"/>
<line number="71" hits="0" branch="false"/>
<line number="85" hits="0" branch="false"/>
<line number="86" hits="0" branch="false"/>
<line number="88" hits="0" branch="false"/>
<line number="91" hits="0" branch="false"/>
<line number="92" hits="0" branch="false"/>
<line number="93" hits="0" branch="false"/>
<line number="96" hits="0" branch="false"/>
<line number="98" hits="0" branch="false"/>
<line number="99" hits="0" branch="false"/>
<line number="102" hits="0" branch="false"/>
<line number="103" hits="0" branch="false"/>
<line number="104" hits="0" branch="false"/>
<line number="107" hits="0" branch="false"/>
<line number="108" hits="0" branch="false"/>
<line number="109" hits="0" branch="false"/>
<line number="112" hits="0" branch="false"/>
<line number="113" hits="0" branch="false"/>
<line number="116" hits="0" branch="false"/>
<line number="121" hits="0" branch="false"/>
<line number="122" hits="0" branch="false"/>
<line number="123" hits="0" branch="false"/>
<line number="124" hits="0" branch="false"/>
<line number="127" hits="0" branch="false"/>
<line number="128" hits="0" branch="false"/>
<line number="131" hits="0" branch="false"/>
<line number="132" hits="0" branch="false"/>
<line number="141" hits="0" branch="false"/>
<line number="149" hits="0" branch="false"/>
<line number="150" hits="0" branch="false"/>
<line number="152" hits="0" branch="false"/>
<line number="153" hits="0" branch="false"/>
<line number="154" hits="0" branch="false"/>
<line number="155" hits="0" branch="false"/>
<line number="156" hits="0" branch="false"/>
<line number="157" hits="0" branch="false"/>
<line number="158" hits="0" branch="false"/>
<line number="159" hits="0" branch="false"/>
<line number="161" hits="0" branch="false"/>
<line number="163" hits="0" branch="false"/>
<line number="164" hits="0" branch="false"/>
<line number="165" hits="0" branch="false"/>
<line number="166" hits="0" branch="false"/>
<line number="168" hits="0" branch="false"/>
<line number="176" hits="0" branch="false"/>
<line number="178" hits="0" branch="false"/>
<line number="179" hits="0" branch="false"/>
<line number="181" hits="0" branch="false"/>
<line number="182" hits="0" branch="false"/>
<line number="183" hits="0" branch="false"/>
<line number="184" hits="0" branch="false"/>
<line number="185" hits="0" branch="false"/>
<line number="186" hits="0" branch="false"/>
<line number="187" hits="0" branch="false"/>
<line number="188" hits="0" branch="false"/>
<line number="190" hits="0" branch="false"/>
<line number="192" hits="0" branch="false"/>
<line number="193" hits="0" branch="false"/>
<line number="194" hits="0" branch="false"/>
<line number="195" hits="0" branch="false"/>
<line number="197" hits="0" branch="false"/>
<line number="206" hits="0" branch="false"/>
<line number="214" hits="0" branch="false"/>
<line number="223" hits="0" branch="false"/>
<line number="232" hits="0" branch="false"/>
<line number="237" hits="0" branch="false"/>
<line number="244" hits="0" branch="false"/>
<line number="245" hits="0" branch="false"/>
<line number="246" hits="0" branch="false"/>
<line number="247" hits="0" branch="false"/>
<line number="252" hits="0" branch="false"/>
<line number="253" hits="0" branch="false"/>
<line number="254" hits="0" branch="false"/>
<line number="255" hits="0" branch="false"/>
<line number="257" hits="0" branch="false"/>
<line number="262" hits="0" branch="false"/>
<line number="263" hits="0" branch="false"/>
<line number="264" hits="0" branch="false"/>
<line number="265" hits="0" branch="false"/>
<line number="267" hits="0" branch="false"/>
<line number="268" hits="0" branch="false"/>
<line number="276" hits="0" branch="false"/>
<line number="277" hits="0" branch="false"/>
<line number="279" hits="0" branch="false"/>
<line number="280" hits="0" branch="false"/>
<line number="281" hits="0" branch="false"/>
<line number="283" hits="0" branch="false"/>
<line number="284" hits="0" branch="false"/>
<line number="285" hits="0" branch="false"/>
<line number="297" hits="0" branch="false"/>
<line number="299" hits="0" branch="false"/>
<line number="300" hits="0" branch="false"/>
<line number="301" hits="0" branch="false"/>
<line number="303" hits="0" branch="false"/>
</lines>
</class>
<class name="matRad_DicomExporter" filename="dicom\@matRad_DicomExporter\matRad_DicomExporter.m" line-rate="0.000" branch-rate="0.0">
<methods></methods><lines>
<line number="86" hits="0" branch="false"/>
<line number="88" hits="0" branch="false"/>
<line number="89" hits="0" branch="false"/>
<line number="91" hits="0" branch="false"/>
<line number="92" hits="0" branch="false"/>
<line number="93" hits="0" branch="false"/>
<line number="94" hits="0" branch="false"/>
<line number="98" hits="0" branch="false"/>
<line number="99" hits="0" branch="false"/>
<line number="100" hits="0" branch="false"/>
<line number="101" hits="0" branch="false"/>
<line number="102" hits="0" branch="false"/>
<line number="104" hits="0" branch="false"/>
<line number="105" hits="0" branch="false"/>
<line number="106" hits="0" branch="false"/>
<line number="107" hits="0" branch="false"/>
<line number="109" hits="0" branch="false"/>
<line number="110" hits="0" branch="false"/>
<line number="111" hits="0" branch="false"/>
<line number="112" hits="0" branch="false"/>
<line number="114" hits="0" branch="false"/>
<line number="115" hits="0" branch="false"/>
<line number="116" hits="0" branch="false"/>
<line number="117" hits="0" branch="false"/>
<line number="119" hits="0" branch="false"/>
<line number="120" hits="0" branch="false"/>
<line number="121" hits="0" branch="false"/>
<line number="124" hits="0" branch="false"/>
<line number="125" hits="0" branch="false"/>
<line number="127" hits="0" branch="false"/>
<line number="128" hits="0" branch="false"/>
<line number="130" hits="0" branch="false"/>
<line number="131" hits="0" branch="false"/>
<line number="133" hits="0" branch="false"/>
<line number="134" hits="0" branch="false"/>
<line number="136" hits="0" branch="false"/>
<line number="137" hits="0" branch="false"/>
<line number="141" hits="0" branch="false"/>
<line number="147" hits="0" branch="false"/>
<line number="148" hits="0" branch="false"/>
<line number="149" hits="0" branch="false"/>
<line number="151" hits="0" branch="false"/>
<line number="152" hits="0" branch="false"/>
<line number="153" hits="0" branch="false"/>
<line number="155" hits="0" branch="false"/>
<line number="156" hits="0" branch="false"/>
<line number="157" hits="0" branch="false"/>
<line number="158" hits="0" branch="false"/>
<line number="161" hits="0" branch="false"/>
<line number="163" hits="0" branch="false"/>
<line number="164" hits="0" branch="false"/>
<line number="166" hits="0" branch="false"/>
<line number="170" hits="0" branch="false"/>
<line number="172" hits="0" branch="false"/>
<line number="174" hits="0" branch="false"/>
<line number="176" hits="0" branch="false"/>
<line number="178" hits="0" branch="false"/>
<line number="198" hits="0" branch="false"/>
<line number="199" hits="0" branch="false"/>
<line number="201" hits="0" branch="false"/>
<line number="202" hits="0" branch="false"/>
<line number="203" hits="0" branch="false"/>
<line number="204" hits="0" branch="false"/>
<line number="205" hits="0" branch="false"/>
<line number="229" hits="0" branch="false"/>
<line number="230" hits="0" branch="false"/>
<line number="233" hits="0" branch="false"/>
<line number="234" hits="0" branch="false"/>
<line number="236" hits="0" branch="false"/>
<line number="237" hits="0" branch="false"/>
<line number="239" hits="0" branch="false"/>
<line number="242" hits="0" branch="false"/>
<line number="243" hits="0" branch="false"/>
<line number="249" hits="0" branch="false"/>
<line number="250" hits="0" branch="false"/>
<line number="252" hits="0" branch="false"/>
<line number="253" hits="0" branch="false"/>
<line number="255" hits="0" branch="false"/>
<line number="256" hits="0" branch="false"/>
<line number="258" hits="0" branch="false"/>
<line number="259" hits="0" branch="false"/>
<line number="261" hits="0" branch="false"/>
<line number="262" hits="0" branch="false"/>
<line number="265" hits="0" branch="false"/>
<line number="266" hits="0" branch="false"/>
<line number="267" hits="0" branch="false"/>
<line number="268" hits="0" branch="false"/>
<line number="269" hits="0" branch="false"/>
<line number="271" hits="0" branch="false"/>
<line number="272" hits="0" branch="false"/>
<line number="273" hits="0" branch="false"/>
</lines>
</class>
<class name="matRad_exportDicom" filename="dicom\@matRad_DicomExporter\matRad_exportDicom.m" line-rate="0.000" branch-rate="0.0">
<methods></methods><lines>
<line number="24" hits="0" branch="false"/>
<line number="25" hits="0" branch="false"/>
<line number="30" hits="0" branch="false"/>
<line number="34" hits="0" branch="false"/>
<line number="35" hits="0" branch="false"/>
<line number="42" hits="0" branch="false"/>
<line number="43" hits="0" branch="false"/>
</lines>
</class>
<class name="matRad_exportDicomCt" filename="dicom\@matRad_DicomExporter\matRad_exportDicomCt.m" line-rate="0.000" branch-rate="0.0">
<methods></methods><lines>
<line number="25" hits="0" branch="false"/>
<line number="27" hits="0" branch="false"/>
<line number="30" hits="0" branch="false"/>
<line number="31" hits="0" branch="false"/>
<line number="32" hits="0" branch="false"/>
<line number="33" hits="0" branch="false"/>
<line number="34" hits="0" branch="false"/>
<line number="35" hits="0" branch="false"/>
<line number="36" hits="0" branch="false"/>
<line number="37" hits="0" branch="false"/>
<line number="38" hits="0" branch="false"/>
<line number="39" hits="0" branch="false"/>
<line number="41" hits="0" branch="false"/>
<line number="42" hits="0" branch="false"/>
<line number="43" hits="0" branch="false"/>
<line number="48" hits="0" branch="false"/>
<line number="49" hits="0" branch="false"/>
<line number="50" hits="0" branch="false"/>
<line number="51" hits="0" branch="false"/>
<line number="52" hits="0" branch="false"/>
<line number="55" hits="0" branch="false"/>
<line number="56" hits="0" branch="false"/>
<line number="58" hits="0" branch="false"/>
<line number="59" hits="0" branch="false"/>
<line number="60" hits="0" branch="false"/>
<line number="62" hits="0" branch="false"/>
<line number="63" hits="0" branch="false"/>
<line number="64" hits="0" branch="false"/>
<line number="67" hits="0" branch="false"/>
<line number="69" hits="0" branch="false"/>
<line number="71" hits="0" branch="false"/>
<line number="73" hits="0" branch="false"/>
<line number="74" hits="0" branch="false"/>
<line number="75" hits="0" branch="false"/>
<line number="76" hits="0" branch="false"/>
<line number="79" hits="0" branch="false"/>
<line number="82" hits="0" branch="false"/>
<line number="83" hits="0" branch="false"/>
<line number="84" hits="0" branch="false"/>
<line number="85" hits="0" branch="false"/>
<line number="87" hits="0" branch="false"/>
<line number="88" hits="0" branch="false"/>
<line number="91" hits="0" branch="false"/>
<line number="92" hits="0" branch="false"/>
<line number="93" hits="0" branch="false"/>
<line number="94" hits="0" branch="false"/>
<line number="95" hits="0" branch="false"/>
<line number="96" hits="0" branch="false"/>
<line number="98" hits="0" branch="false"/>
<line number="99" hits="0" branch="false"/>
<line number="101" hits="0" branch="false"/>
<line number="103" hits="0" branch="false"/>
<line number="105" hits="0" branch="false"/>
<line number="106" hits="0" branch="false"/>
<line number="109" hits="0" branch="false"/>
<line number="110" hits="0" branch="false"/>
<line number="113" hits="0" branch="false"/>
<line number="115" hits="0" branch="false"/>
<line number="117" hits="0" branch="false"/>
<line number="120" hits="0" branch="false"/>
<line number="122" hits="0" branch="false"/>
<line number="123" hits="0" branch="false"/>
<line number="124" hits="0" branch="false"/>
<line number="125" hits="0" branch="false"/>
<line number="127" hits="0" branch="false"/>
<line number="129" hits="0" branch="false"/>
<line number="130" hits="0" branch="false"/>
<line number="134" hits="0" branch="false"/>
<line number="135" hits="0" branch="false"/>
<line number="136" hits="0" branch="false"/>
<line number="139" hits="0" branch="false"/>
</lines>
</class>
<class name="matRad_exportDicomRTDoses" filename="dicom\@matRad_DicomExporter\matRad_exportDicomRTDoses.m" line-rate="0.000" branch-rate="0.0">
<methods></methods><lines>
<line number="24" hits="0" branch="false"/>
<line number="25" hits="0" branch="false"/>
<line number="27" hits="0" branch="false"/>
<line number="28" hits="0" branch="false"/>
<line number="30" hits="0" branch="false"/>
<line number="31" hits="0" branch="false"/>
<line number="32" hits="0" branch="false"/>
<line number="36" hits="0" branch="false"/>
<line number="37" hits="0" branch="false"/>
<line number="39" hits="0" branch="false"/>
<line number="40" hits="0" branch="false"/>
<line number="41" hits="0" branch="false"/>
<line number="42" hits="0" branch="false"/>
<line number="46" hits="0" branch="false"/>
<line number="47" hits="0" branch="false"/>
<line number="48" hits="0" branch="false"/>
<line number="53" hits="0" branch="false"/>
<line number="54" hits="0" branch="false"/>
<line number="55" hits="0" branch="false"/>
<line number="59" hits="0" branch="false"/>
<line number="60" hits="0" branch="false"/>
<line number="65" hits="0" branch="false"/>
<line number="66" hits="0" branch="false"/>
<line number="67" hits="0" branch="false"/>
<line number="68" hits="0" branch="false"/>
<line number="69" hits="0" branch="false"/>
<line number="70" hits="0" branch="false"/>
<line number="71" hits="0" branch="false"/>
<line number="73" hits="0" branch="false"/>
<line number="74" hits="0" branch="false"/>
<line number="78" hits="0" branch="false"/>
<line number="79" hits="0" branch="false"/>
<line number="80" hits="0" branch="false"/>
<line number="81" hits="0" branch="false"/>
<line number="83" hits="0" branch="false"/>
<line number="84" hits="0" branch="false"/>
<line number="85" hits="0" branch="false"/>
<line number="86" hits="0" branch="false"/>
<line number="89" hits="0" branch="false"/>
<line number="92" hits="0" branch="false"/>
<line number="93" hits="0" branch="false"/>
<line number="94" hits="0" branch="false"/>
<line number="96" hits="0" branch="false"/>
<line number="97" hits="0" branch="false"/>
<line number="101" hits="0" branch="false"/>
<line number="102" hits="0" branch="false"/>
<line number="103" hits="0" branch="false"/>
<line number="106" hits="0" branch="false"/>
<line number="107" hits="0" branch="false"/>
<line number="108" hits="0" branch="false"/>
<line number="111" hits="0" branch="false"/>
<line number="112" hits="0" branch="false"/>
<line number="113" hits="0" branch="false"/>
<line number="114" hits="0" branch="false"/>
<line number="115" hits="0" branch="false"/>
<line number="116" hits="0" branch="false"/>
<line number="117" hits="0" branch="false"/>
<line number="118" hits="0" branch="false"/>
<line number="123" hits="0" branch="false"/>
<line number="124" hits="0" branch="false"/>
<line number="125" hits="0" branch="false"/>
<line number="126" hits="0" branch="false"/>
<line number="127" hits="0" branch="false"/>
<line number="128" hits="0" branch="false"/>
<line number="137" hits="0" branch="false"/>
<line number="138" hits="0" branch="false"/>
<line number="140" hits="0" branch="false"/>
<line number="141" hits="0" branch="false"/>
<line number="145" hits="0" branch="false"/>
<line number="146" hits="0" branch="false"/>
<line number="148" hits="0" branch="false"/>
<line number="150" hits="0" branch="false"/>
<line number="151" hits="0" branch="false"/>
<line number="155" hits="0" branch="false"/>
<line number="157" hits="0" branch="false"/>
<line number="159" hits="0" branch="false"/>
<line number="163" hits="0" branch="false"/>
<line number="164" hits="0" branch="false"/>
<line number="166" hits="0" branch="false"/>
<line number="167" hits="0" branch="false"/>
<line number="169" hits="0" branch="false"/>
<line number="170" hits="0" branch="false"/>
<line number="171" hits="0" branch="false"/>
<line number="174" hits="0" branch="false"/>
<line number="175" hits="0" branch="false"/>
<line number="177" hits="0" branch="false"/>
<line number="178" hits="0" branch="false"/>
<line number="179" hits="0" branch="false"/>
<line number="182" hits="0" branch="false"/>
<line number="183" hits="0" branch="false"/>
<line number="184" hits="0" branch="false"/>
<line number="185" hits="0" branch="false"/>
<line number="187" hits="0" branch="false"/>
<line number="188" hits="0" branch="false"/>
<line number="190" hits="0" branch="false"/>
<line number="192" hits="0" branch="false"/>
<line number="193" hits="0" branch="false"/>
<line number="194" hits="0" branch="false"/>
<line number="196" hits="0" branch="false"/>
<line number="197" hits="0" branch="false"/>
<line number="198" hits="0" branch="false"/>
<line number="203" hits="0" branch="false"/>
<line number="205" hits="0" branch="false"/>
<line number="207" hits="0" branch="false"/>
</lines>
</class>
<class name="matRad_exportDicomRTPlan" filename="dicom\@matRad_DicomExporter\matRad_exportDicomRTPlan.m" line-rate="0.000" branch-rate="0.0">
<methods></methods><lines>
<line number="34" hits="0" branch="false"/>
<line number="35" hits="0" branch="false"/>
</lines>
</class>
<class name="matRad_exportDicomRTStruct" filename="dicom\@matRad_DicomExporter\matRad_exportDicomRTStruct.m" line-rate="0.000" branch-rate="0.0">
<methods></methods><lines>
<line number="25" hits="0" branch="false"/>
<line number="26" hits="0" branch="false"/>
<line number="28" hits="0" branch="false"/>
<line number="29" hits="0" branch="false"/>
<line number="31" hits="0" branch="false"/>
<line number="32" hits="0" branch="false"/>
<line number="33" hits="0" branch="false"/>
<line number="38" hits="0" branch="false"/>
<line number="39" hits="0" branch="false"/>
<line number="40" hits="0" branch="false"/>
<line number="45" hits="0" branch="false"/>
<line number="46" hits="0" branch="false"/>
<line number="47" hits="0" branch="false"/>
<line number="48" hits="0" branch="false"/>
<line number="49" hits="0" branch="false"/>
<line number="52" hits="0" branch="false"/>
<line number="53" hits="0" branch="false"/>
<line number="54" hits="0" branch="false"/>
<line number="55" hits="0" branch="false"/>
<line number="56" hits="0" branch="false"/>
<line number="57" hits="0" branch="false"/>
<line number="59" hits="0" branch="false"/>
<line number="60" hits="0" branch="false"/>
<line number="61" hits="0" branch="false"/>
<line number="62" hits="0" branch="false"/>
<line number="65" hits="0" branch="false"/>
<line number="66" hits="0" branch="false"/>
<line number="71" hits="0" branch="false"/>
<line number="72" hits="0" branch="false"/>
<line number="75" hits="0" branch="false"/>
<line number="76" hits="0" branch="false"/>
<line number="77" hits="0" branch="false"/>
<line number="78" hits="0" branch="false"/>
<line number="79" hits="0" branch="false"/>
<line number="80" hits="0" branch="false"/>
<line number="81" hits="0" branch="false"/>
<line number="82" hits="0" branch="false"/>
<line number="83" hits="0" branch="false"/>
<line number="87" hits="0" branch="false"/>
<line number="93" hits="0" branch="false"/>
<line number="96" hits="0" branch="false"/>
<line number="98" hits="0" branch="false"/>
<line number="99" hits="0" branch="false"/>
<line number="100" hits="0" branch="false"/>
<line number="101" hits="0" branch="false"/>
<line number="113" hits="0" branch="false"/>
<line number="115" hits="0" branch="false"/>
<line number="117" hits="0" branch="false"/>
<line number="119" hits="0" branch="false"/>
<line number="120" hits="0" branch="false"/>
<line number="121" hits="0" branch="false"/>
<line number="122" hits="0" branch="false"/>
<line number="125" hits="0" branch="false"/>
<line number="127" hits="0" branch="false"/>
<line number="128" hits="0" branch="false"/>
<line number="129" hits="0" branch="false"/>
<line number="131" hits="0" branch="false"/>
<line number="133" hits="0" branch="false"/>
<line number="135" hits="0" branch="false"/>
<line number="137" hits="0" branch="false"/>
<line number="138" hits="0" branch="false"/>
<line number="141" hits="0" branch="false"/>
<line number="145" hits="0" branch="false"/>
<line number="149" hits="0" branch="false"/>
<line number="153" hits="0" branch="false"/>
<line number="154" hits="0" branch="false"/>
<line number="155" hits="0" branch="false"/>
<line number="156" hits="0" branch="false"/>
<line number="158" hits="0" branch="false"/>
<line number="161" hits="0" branch="false"/>
<line number="162" hits="0" branch="false"/>
<line number="166" hits="0" branch="false"/>
<line number="167" hits="0" branch="false"/>
<line number="168" hits="0" branch="false"/>
<line number="171" hits="0" branch="false"/>
<line number="175" hits="0" branch="false"/>
<line number="176" hits="0" branch="false"/>
<line number="179" hits="0" branch="false"/>
<line number="180" hits="0" branch="false"/>
<line number="181" hits="0" branch="false"/>
<line number="185" hits="0" branch="false"/>
<line number="187" hits="0" branch="false"/>
<line number="189" hits="0" branch="false"/>
<line number="192" hits="0" branch="false"/>
<line number="195" hits="0" branch="false"/>
<line number="196" hits="0" branch="false"/>
<line number="197" hits="0" branch="false"/>
<line number="200" hits="0" branch="false"/>
<line number="201" hits="0" branch="false"/>
<line number="202" hits="0" branch="false"/>
<line number="203" hits="0" branch="false"/>
<line number="205" hits="0" branch="false"/>
<line number="206" hits="0" branch="false"/>
<line number="208" hits="0" branch="false"/>
<line number="209" hits="0" branch="false"/>
<line number="211" hits="0" branch="false"/>
<line number="212" hits="0" branch="false"/>
<line number="215" hits="0" branch="false"/>
<line number="216" hits="0" branch="false"/>
<line number="217" hits="0" branch="false"/>
<line number="219" hits="0" branch="false"/>
<line number="223" hits="0" branch="false"/>
<line number="225" hits="0" branch="false"/>
<line number="227" hits="0" branch="false"/>
<line number="233" hits="0" branch="false"/>
<line number="234" hits="0" branch="false"/>
<line number="235" hits="0" branch="false"/>
<line number="236" hits="0" branch="false"/>
<line number="239" hits="0" branch="false"/>
<line number="240" hits="0" branch="false"/>
<line number="242" hits="0" branch="false"/>
<line number="243" hits="0" branch="false"/>
<line number="244" hits="0" branch="false"/>
<line number="246" hits="0" branch="false"/>
<line number="247" hits="0" branch="false"/>
<line number="249" hits="0" branch="false"/>
<line number="250" hits="0" branch="false"/>
<line number="251" hits="0" branch="false"/>
<line number="254" hits="0" branch="false"/>
<line number="255" hits="0" branch="false"/>
<line number="257" hits="0" branch="false"/>
<line number="260" hits="0" branch="false"/>
<line number="264" hits="0" branch="false"/>
<line number="265" hits="0" branch="false"/>
<line number="266" hits="0" branch="false"/>
</lines>
</class>
<class name="matRad_calcHU" filename="dicom\matRad_calcHU.m" line-rate="0.000" branch-rate="0.0">
<methods></methods><lines>
<line number="32" hits="0" branch="false"/>
<line number="33" hits="0" branch="false"/>
<line number="36" hits="0" branch="false"/>
</lines>
</class>
<class name="matRad_calcWaterEqD" filename="dicom\matRad_calcWaterEqD.m" line-rate="0.000" branch-rate="0.0">
<methods></methods><lines>
<line number="35" hits="0" branch="false"/>
<line number="37" hits="0" branch="false"/>
<line number="41" hits="0" branch="false"/>
<line number="42" hits="0" branch="false"/>
<line number="43" hits="0" branch="false"/>
<line number="45" hits="0" branch="false"/>
<line number="46" hits="0" branch="false"/>
<line number="47" hits="0" branch="false"/>
<line number="51" hits="0" branch="false"/>
<line number="56" hits="0" branch="false"/>
</lines>
</class>
<class name="matRad_convRtssContours2Indices" filename="dicom\matRad_convRtssContours2Indices.m" line-rate="0.000" branch-rate="0.0">
<methods></methods><lines>
<line number="33" hits="0" branch="false"/>
<line number="36" hits="0" branch="false"/>
<line number="38" hits="0" branch="false"/>
<line number="40" hits="0" branch="false"/>
<line number="42" hits="0" branch="false"/>
<line number="43" hits="0" branch="false"/>
<line number="46" hits="0" branch="false"/>
<line number="47" hits="0" branch="false"/>
<line number="49" hits="0" branch="false"/>
<line number="50" hits="0" branch="false"/>
<line number="52" hits="0" branch="false"/>
<line number="54" hits="0" branch="false"/>
<line number="57" hits="0" branch="false"/>
<line number="58" hits="0" branch="false"/>
<line number="65" hits="0" branch="false"/>
</lines>
</class>
<class name="matRad_createCst" filename="dicom\matRad_createCst.m" line-rate="0.000" branch-rate="0.0">
<methods></methods><lines>
<line number="31" hits="0" branch="false"/>
<line number="33" hits="0" branch="false"/>
<line number="34" hits="0" branch="false"/>
<line number="37" hits="0" branch="false"/>
<line number="39" hits="0" branch="false"/>
<line number="40" hits="0" branch="false"/>
<line number="41" hits="0" branch="false"/>
<line number="43" hits="0" branch="false"/>
<line number="51" hits="0" branch="false"/>
<line number="53" hits="0" branch="false"/>
<line number="56" hits="0" branch="false"/>
<line number="57" hits="0" branch="false"/>
<line number="58" hits="0" branch="false"/>
<line number="59" hits="0" branch="false"/>
<line number="63" hits="0" branch="false"/>
<line number="65" hits="0" branch="false"/>
<line number="67" hits="0" branch="false"/>
<line number="71" hits="0" branch="false"/>
<line number="74" hits="0" branch="false"/>
<line number="75" hits="0" branch="false"/>
<line number="76" hits="0" branch="false"/>
<line number="77" hits="0" branch="false"/>
<line number="78" hits="0" branch="false"/>
<line number="80" hits="0" branch="false"/>
<line number="81" hits="0" branch="false"/>
</lines>
</class>
<class name="matRad_dummyCst" filename="dicom\matRad_dummyCst.m" line-rate="0.000" branch-rate="0.0">
<methods></methods><lines>
<line number="29" hits="0" branch="false"/>
<line number="32" hits="0" branch="false"/>
<line number="35" hits="0" branch="false"/>
<line number="36" hits="0" branch="false"/>
<line number="37" hits="0" branch="false"/>
<line number="38" hits="0" branch="false"/>
<line number="39" hits="0" branch="false"/>
<line number="42" hits="0" branch="false"/>
<line number="43" hits="0" branch="false"/>
<line number="44" hits="0" branch="false"/>
<line number="45" hits="0" branch="false"/>
<line number="48" hits="0" branch="false"/>
</lines>
</class>
<class name="matRad_importDicom" filename="dicom\matRad_importDicom.m" line-rate="0.000" branch-rate="0.0">
<methods></methods><lines>
<line number="37" hits="0" branch="false"/>
<line number="40" hits="0" branch="false"/>
<line number="41" hits="0" branch="false"/>
<line number="45" hits="0" branch="false"/>
<line number="47" hits="0" branch="false"/>
<line number="50" hits="0" branch="false"/>
<line number="51" hits="0" branch="false"/>
<line number="52" hits="0" branch="false"/>
<line number="53" hits="0" branch="false"/>
<line number="54" hits="0" branch="false"/>
<line number="56" hits="0" branch="false"/>
<line number="57" hits="0" branch="false"/>
<line number="59" hits="0" branch="false"/>
<line number="61" hits="0" branch="false"/>
<line number="63" hits="0" branch="false"/>
<line number="65" hits="0" branch="false"/>
<line number="68" hits="0" branch="false"/>
<line number="71" hits="0" branch="false"/>
<line number="74" hits="0" branch="false"/>
<line number="77" hits="0" branch="false"/>
<line number="78" hits="0" branch="false"/>
<line number="79" hits="0" branch="false"/>
<line number="82" hits="0" branch="false"/>
<line number="84" hits="0" branch="false"/>
<line number="85" hits="0" branch="false"/>
<line number="87" hits="0" branch="false"/>
<line number="88" hits="0" branch="false"/>
<line number="89" hits="0" branch="false"/>
<line number="91" hits="0" branch="false"/>
<line number="92" hits="0" branch="false"/>
<line number="95" hits="0" branch="false"/>
<line number="99" hits="0" branch="false"/>
<line number="104" hits="0" branch="false"/>
<line number="105" hits="0" branch="false"/>
<line number="106" hits="0" branch="false"/>
<line number="111" hits="0" branch="false"/>
<line number="112" hits="0" branch="false"/>
<line number="113" hits="0" branch="false"/>
<line number="116" hits="0" branch="false"/>
<line number="119" hits="0" branch="false"/>
<line number="121" hits="0" branch="false"/>
<line number="127" hits="0" branch="false"/>
<line number="130" hits="0" branch="false"/>
<line number="131" hits="0" branch="false"/>
<line number="133" hits="0" branch="false"/>
<line number="134" hits="0" branch="false"/>
<line number="135" hits="0" branch="false"/>
<line number="138" hits="0" branch="false"/>
<line number="140" hits="0" branch="false"/>
<line number="141" hits="0" branch="false"/>
<line number="147" hits="0" branch="false"/>
<line number="148" hits="0" branch="false"/>
<line number="149" hits="0" branch="false"/>
<line number="150" hits="0" branch="false"/>
<line number="155" hits="0" branch="false"/>
<line number="156" hits="0" branch="false"/>
<line number="157" hits="0" branch="false"/>
<line number="159" hits="0" branch="false"/>
<line number="161" hits="0" branch="false"/>
<line number="163" hits="0" branch="false"/>
<line number="166" hits="0" branch="false"/>
</lines>
</class>
<class name="matRad_importDicomCt" filename="dicom\matRad_importDicomCt.m" line-rate="0.000" branch-rate="0.0">
<methods></methods><lines>
<line number="40" hits="0" branch="false"/>
<line number="42" hits="0" branch="false"/>
<line number="45" hits="0" branch="false"/>
<line number="46" hits="0" branch="false"/>
<line number="50" hits="0" branch="false"/>
<line number="51" hits="0" branch="false"/>
<line number="53" hits="0" branch="false"/>
<line number="54" hits="0" branch="false"/>
<line number="56" hits="0" branch="false"/>
<line number="57" hits="0" branch="false"/>
<line number="59" hits="0" branch="false"/>
<line number="64" hits="0" branch="false"/>
<line number="65" hits="0" branch="false"/>
<line number="66" hits="0" branch="false"/>
<line number="67" hits="0" branch="false"/>
<line number="68" hits="0" branch="false"/>
<line number="69" hits="0" branch="false"/>
<line number="70" hits="0" branch="false"/>
<line number="71" hits="0" branch="false"/>
<line number="72" hits="0" branch="false"/>
<line number="73" hits="0" branch="false"/>
<line number="74" hits="0" branch="false"/>
<line number="78" hits="0" branch="false"/>
<line number="80" hits="0" branch="false"/>
<line number="81" hits="0" branch="false"/>
<line number="82" hits="0" branch="false"/>
<line number="84" hits="0" branch="false"/>
<line number="87" hits="0" branch="false"/>
<line number="88" hits="0" branch="false"/>
<line number="91" hits="0" branch="false"/>
<line number="96" hits="0" branch="false"/>
<line number="97" hits="0" branch="false"/>
<line number="99" hits="0" branch="false"/>
<line number="100" hits="0" branch="false"/>
<line number="103" hits="0" branch="false"/>
<line number="104" hits="0" branch="false"/>
<line number="107" hits="0" branch="false"/>
<line number="108" hits="0" branch="false"/>
<line number="109" hits="0" branch="false"/>
<line number="111" hits="0" branch="false"/>
<line number="112" hits="0" branch="false"/>
<line number="114" hits="0" branch="false"/>
<line number="115" hits="0" branch="false"/>
<line number="133" hits="0" branch="false"/>
<line number="134" hits="0" branch="false"/>
<line number="142" hits="0" branch="false"/>
<line number="143" hits="0" branch="false"/>
<line number="144" hits="0" branch="false"/>
<line number="145" hits="0" branch="false"/>
<line number="146" hits="0" branch="false"/>
<line number="147" hits="0" branch="false"/>
<line number="150" hits="0" branch="false"/>
<line number="151" hits="0" branch="false"/>
<line number="152" hits="0" branch="false"/>
<line number="153" hits="0" branch="false"/>
<line number="154" hits="0" branch="false"/>
<line number="155" hits="0" branch="false"/>
<line number="157" hits="0" branch="false"/>
<line number="158" hits="0" branch="false"/>
<line number="159" hits="0" branch="false"/>
<line number="160" hits="0" branch="false"/>
<line number="162" hits="0" branch="false"/>
<line number="163" hits="0" branch="false"/>
<line number="165" hits="0" branch="false"/>
<line number="172" hits="0" branch="false"/>
<line number="176" hits="0" branch="false"/>
<line number="177" hits="0" branch="false"/>
<line number="178" hits="0" branch="false"/>
<line number="202" hits="0" branch="false"/>
<line number="203" hits="0" branch="false"/>
<line number="208" hits="0" branch="false"/>
<line number="209" hits="0" branch="false"/>
<line number="210" hits="0" branch="false"/>
<line number="212" hits="0" branch="false"/>
<line number="214" hits="0" branch="false"/>
<line number="217" hits="0" branch="false"/>
<line number="218" hits="0" branch="false"/>
<line number="219" hits="0" branch="false"/>
<line number="220" hits="0" branch="false"/>
<line number="221" hits="0" branch="false"/>
<line number="222" hits="0" branch="false"/>
<line number="223" hits="0" branch="false"/>
<line number="224" hits="0" branch="false"/>
<line number="225" hits="0" branch="false"/>
<line number="226" hits="0" branch="false"/>
<line number="227" hits="0" branch="false"/>
<line number="228" hits="0" branch="false"/>
<line number="229" hits="0" branch="false"/>
<line number="231" hits="0" branch="false"/>
<line number="232" hits="0" branch="false"/>
<line number="234" hits="0" branch="false"/>
<line number="235" hits="0" branch="false"/>
<line number="239" hits="0" branch="false"/>
<line number="240" hits="0" branch="false"/>
<line number="242" hits="0" branch="false"/>
<line number="243" hits="0" branch="false"/>
<line number="246" hits="0" branch="false"/>
<line number="249" hits="0" branch="false"/>
<line number="250" hits="0" branch="false"/>
<line number="251" hits="0" branch="false"/>
</lines>
</class>
<class name="matRad_importDicomGUI" filename="dicom\matRad_importDicomGUI.m" line-rate="0.000" branch-rate="0.0">
<methods></methods><lines>
<line number="41" hits="0" branch="false"/>
<line number="42" hits="0" branch="false"/>
<line number="48" hits="0" branch="false"/>
<line number="49" hits="0" branch="false"/>
<line number="53" hits="0" branch="false"/>
<line number="69" hits="0" branch="false"/>
<line number="71" hits="0" branch="false"/>
<line number="72" hits="0" branch="false"/>
<line number="73" hits="0" branch="false"/>
<line number="74" hits="0" branch="false"/>
<line number="75" hits="0" branch="false"/>
<line number="77" hits="0" branch="false"/>
<line number="78" hits="0" branch="false"/>
<line number="79" hits="0" branch="false"/>
<line number="80" hits="0" branch="false"/>
<line number="81" hits="0" branch="false"/>
<line number="83" hits="0" branch="false"/>
<line number="97" hits="0" branch="false"/>
<line number="106" hits="0" branch="false"/>
<line number="107" hits="0" branch="false"/>
<line number="108" hits="0" branch="false"/>
<line number="110" hits="0" branch="false"/>
<line number="112" hits="0" branch="false"/>
<line number="113" hits="0" branch="false"/>
<line number="117" hits="0" branch="false"/>
<line number="118" hits="0" branch="false"/>
<line number="119" hits="0" branch="false"/>
<line number="121" hits="0" branch="false"/>
<line number="122" hits="0" branch="false"/>
<line number="134" hits="0" branch="false"/>
<line number="136" hits="0" branch="false"/>
<line number="148" hits="0" branch="false"/>
<line number="149" hits="0" branch="false"/>
<line number="151" hits="0" branch="false"/>
<line number="152" hits="0" branch="false"/>
<line number="154" hits="0" branch="false"/>
<line number="155" hits="0" branch="false"/>
<line number="157" hits="0" branch="false"/>
<line number="158" hits="0" branch="false"/>
<line number="161" hits="0" branch="false"/>
<line number="163" hits="0" branch="false"/>
<line number="164" hits="0" branch="false"/>
<line number="166" hits="0" branch="false"/>
<line number="168" hits="0" branch="false"/>
<line number="169" hits="0" branch="false"/>
<line number="170" hits="0" branch="false"/>
<line number="171" hits="0" branch="false"/>
<line number="172" hits="0" branch="false"/>
<line number="174" hits="0" branch="false"/>
<line number="177" hits="0" branch="false"/>
<line number="178" hits="0" branch="false"/>
<line number="179" hits="0" branch="false"/>
<line number="180" hits="0" branch="false"/>
<line number="181" hits="0" branch="false"/>
<line number="182" hits="0" branch="false"/>
<line number="183" hits="0" branch="false"/>
<line number="185" hits="0" branch="false"/>
<line number="188" hits="0" branch="false"/>
<line number="189" hits="0" branch="false"/>
<line number="190" hits="0" branch="false"/>
<line number="191" hits="0" branch="false"/>
<line number="193" hits="0" branch="false"/>
<line number="196" hits="0" branch="false"/>
<line number="207" hits="0" branch="false"/>
<line number="208" hits="0" branch="false"/>
<line number="230" hits="0" branch="false"/>
<line number="231" hits="0" branch="false"/>
<line number="253" hits="0" branch="false"/>
<line number="254" hits="0" branch="false"/>
<line number="264" hits="0" branch="false"/>
<line number="265" hits="0" branch="false"/>
<line number="266" hits="0" branch="false"/>
<line number="267" hits="0" branch="false"/>
<line number="268" hits="0" branch="false"/>
<line number="269" hits="0" branch="false"/>
<line number="271" hits="0" branch="false"/>
<line number="272" hits="0" branch="false"/>
<line number="274" hits="0" branch="false"/>
<line number="275" hits="0" branch="false"/>
<line number="278" hits="0" branch="false"/>
<line number="279" hits="0" branch="false"/>
<line number="285" hits="0" branch="false"/>
<line number="292" hits="0" branch="false"/>
<line number="293" hits="0" branch="false"/>
<line number="294" hits="0" branch="false"/>
<line number="296" hits="0" branch="false"/>
<line number="299" hits="0" branch="false"/>
<line number="300" hits="0" branch="false"/>
<line number="302" hits="0" branch="false"/>
<line number="303" hits="0" branch="false"/>
<line number="304" hits="0" branch="false"/>
<line number="306" hits="0" branch="false"/>
<line number="309" hits="0" branch="false"/>
<line number="310" hits="0" branch="false"/>
<line number="311" hits="0" branch="false"/>
<line number="315" hits="0" branch="false"/>
<line number="316" hits="0" branch="false"/>
<line number="317" hits="0" branch="false"/>
<line number="318" hits="0" branch="false"/>
<line number="319" hits="0" branch="false"/>
<line number="320" hits="0" branch="false"/>
<line number="322" hits="0" branch="false"/>
<line number="326" hits="0" branch="false"/>
<line number="329" hits="0" branch="false"/>
<line number="330" hits="0" branch="false"/>
<line number="338" hits="0" branch="false"/>
<line number="364" hits="0" branch="false"/>
<line number="365" hits="0" branch="false"/>
<line number="366" hits="0" branch="false"/>
<line number="367" hits="0" branch="false"/>
<line number="368" hits="0" branch="false"/>
<line number="370" hits="0" branch="false"/>
<line number="379" hits="0" branch="false"/>
<line number="380" hits="0" branch="false"/>
<line number="382" hits="0" branch="false"/>
<line number="383" hits="0" branch="false"/>
<line number="385" hits="0" branch="false"/>
<line number="386" hits="0" branch="false"/>
<line number="387" hits="0" branch="false"/>
<line number="388" hits="0" branch="false"/>
<line number="389" hits="0" branch="false"/>
<line number="390" hits="0" branch="false"/>
<line number="391" hits="0" branch="false"/>
<line number="393" hits="0" branch="false"/>
<line number="395" hits="0" branch="false"/>
<line number="402" hits="0" branch="false"/>
<line number="403" hits="0" branch="false"/>
<line number="405" hits="0" branch="false"/>
<line number="406" hits="0" branch="false"/>
<line number="408" hits="0" branch="false"/>
<line number="409" hits="0" branch="false"/>
<line number="410" hits="0" branch="false"/>
<line number="411" hits="0" branch="false"/>
<line number="413" hits="0" branch="false"/>
<line number="415" hits="0" branch="false"/>
<line number="436" hits="0" branch="false"/>
<line number="437" hits="0" branch="false"/>
<line number="459" hits="0" branch="false"/>
<line number="460" hits="0" branch="false"/>
<line number="482" hits="0" branch="false"/>
<line number="483" hits="0" branch="false"/>
<line number="542" hits="0" branch="false"/>
<line number="543" hits="0" branch="false"/>
<line number="545" hits="0" branch="false"/>
[...]
<line number="207" hits="0" branch="false"/>
<line number="208" hits="0" branch="false"/>
<line number="209" hits="0" branch="false"/>
<line number="210" hits="0" branch="false"/>
<line number="216" hits="0" branch="false"/>
<line number="217" hits="0" branch="false"/>
<line number="218" hits="0" branch="false"/>
<line number="219" hits="0" branch="false"/>
<line number="220" hits="0" branch="false"/>
<line number="221" hits="0" branch="false"/>
<line number="222" hits="0" branch="false"/>
<line number="224" hits="0" branch="false"/>
<line number="225" hits="0" branch="false"/>
<line number="226" hits="0" branch="false"/>
<line number="228" hits="0" branch="false"/>
<line number="229" hits="0" branch="false"/>
<line number="230" hits="0" branch="false"/>
<line number="231" hits="0" branch="false"/>
<line number="232" hits="0" branch="false"/>
<line number="233" hits="0" branch="false"/>
<line number="234" hits="0" branch="false"/>
<line number="237" hits="0" branch="false"/>
<line number="238" hits="0" branch="false"/>
<line number="239" hits="0" branch="false"/>
<line number="241" hits="0" branch="false"/>
<line number="244" hits="0" branch="false"/>
<line number="247" hits="0" branch="false"/>
<line number="248" hits="0" branch="false"/>
<line number="250" hits="0" branch="false"/>
<line number="251" hits="0" branch="false"/>
<line number="252" hits="0" branch="false"/>
<line number="253" hits="0" branch="false"/>
<line number="254" hits="0" branch="false"/>
<line number="255" hits="0" branch="false"/>
<line number="256" hits="0" branch="false"/>
<line number="257" hits="0" branch="false"/>
<line number="258" hits="0" branch="false"/>
<line number="260" hits="0" branch="false"/>
<line number="261" hits="0" branch="false"/>
<line number="262" hits="0" branch="false"/>
<line number="263" hits="0" branch="false"/>
<line number="264" hits="0" branch="false"/>
<line number="265" hits="0" branch="false"/>
<line number="266" hits="0" branch="false"/>
<line number="267" hits="0" branch="false"/>
<line number="268" hits="0" branch="false"/>
<line number="270" hits="0" branch="false"/>
<line number="271" hits="0" branch="false"/>
<line number="272" hits="0" branch="false"/>
<line number="273" hits="0" branch="false"/>
<line number="274" hits="0" branch="false"/>
<line number="275" hits="0" branch="false"/>
<line number="276" hits="0" branch="false"/>
<line number="277" hits="0" branch="false"/>
<line number="278" hits="0" branch="false"/>
<line number="280" hits="0" branch="false"/>
<line number="285" hits="0" branch="false"/>
<line number="286" hits="0" branch="false"/>
<line number="287" hits="0" branch="false"/>
<line number="288" hits="0" branch="false"/>
<line number="289" hits="0" branch="false"/>
<line number="291" hits="0" branch="false"/>
<line number="293" hits="0" branch="false"/>
<line number="294" hits="0" branch="false"/>
<line number="295" hits="0" branch="false"/>
<line number="296" hits="0" branch="false"/>
<line number="297" hits="0" branch="false"/>
<line number="298" hits="0" branch="false"/>
<line number="299" hits="0" branch="false"/>
<line number="302" hits="0" branch="false"/>
</lines>
</class>
<class name="matRad_convertOldCstToNewCstObjectives" filename="tools\matRad_convertOldCstToNewCstObjectives.m" line-rate="0.000" branch-rate="0.0">
<methods></methods><lines>
<line number="37" hits="0" branch="false"/>
<line number="40" hits="0" branch="false"/>
<line number="41" hits="0" branch="false"/>
<line number="43" hits="0" branch="false"/>
<line number="45" hits="0" branch="false"/>
<line number="46" hits="0" branch="false"/>
<line number="47" hits="0" branch="false"/>
</lines>
</class>
<class name="matRad_gammaIndex" filename="tools\matRad_gammaIndex.m" line-rate="0.000" branch-rate="0.0">
<methods></methods><lines>
<line number="52" hits="0" branch="false"/>
<line number="55" hits="0" branch="false"/>
<line number="56" hits="0" branch="false"/>
<line number="57" hits="0" branch="false"/>
<line number="59" hits="0" branch="false"/>
<line number="60" hits="0" branch="false"/>
<line number="64" hits="0" branch="false"/>
<line number="65" hits="0" branch="false"/>
<line number="69" hits="0" branch="false"/>
<line number="70" hits="0" branch="false"/>
<line number="74" hits="0" branch="false"/>
<line number="75" hits="0" branch="false"/>
<line number="79" hits="0" branch="false"/>
<line number="80" hits="0" branch="false"/>
<line number="82" hits="0" branch="false"/>
<line number="85" hits="0" branch="false"/>
<line number="86" hits="0" branch="false"/>
<line number="87" hits="0" branch="false"/>
<line number="88" hits="0" branch="false"/>
<line number="92" hits="0" branch="false"/>
<line number="93" hits="0" branch="false"/>
<line number="94" hits="0" branch="false"/>
<line number="97" hits="0" branch="false"/>
<line number="98" hits="0" branch="false"/>
<line number="99" hits="0" branch="false"/>
<line number="102" hits="0" branch="false"/>
<line number="103" hits="0" branch="false"/>
<line number="106" hits="0" branch="false"/>
<line number="107" hits="0" branch="false"/>
<line number="108" hits="0" branch="false"/>
<line number="109" hits="0" branch="false"/>
<line number="110" hits="0" branch="false"/>
<line number="111" hits="0" branch="false"/>
<line number="114" hits="0" branch="false"/>
<line number="115" hits="0" branch="false"/>
<line number="120" hits="0" branch="false"/>
<line number="121" hits="0" branch="false"/>
<line number="123" hits="0" branch="false"/>
<line number="125" hits="0" branch="false"/>
<line number="130" hits="0" branch="false"/>
<line number="133" hits="0" branch="false"/>
<line number="134" hits="0" branch="false"/>
<line number="136" hits="0" branch="false"/>
<line number="140" hits="0" branch="false"/>
<line number="141" hits="0" branch="false"/>
<line number="142" hits="0" branch="false"/>
<line number="144" hits="0" branch="false"/>
<line number="148" hits="0" branch="false"/>
<line number="152" hits="0" branch="false"/>
<line number="154" hits="0" branch="false"/>
<line number="166" hits="0" branch="false"/>
<line number="167" hits="0" branch="false"/>
<line number="168" hits="0" branch="false"/>
<line number="171" hits="0" branch="false"/>
<line number="174" hits="0" branch="false"/>
<line number="175" hits="0" branch="false"/>
<line number="176" hits="0" branch="false"/>
<line number="179" hits="0" branch="false"/>
<line number="180" hits="0" branch="false"/>
<line number="181" hits="0" branch="false"/>
<line number="182" hits="0" branch="false"/>
<line number="184" hits="0" branch="false"/>
<line number="185" hits="0" branch="false"/>
<line number="186" hits="0" branch="false"/>
<line number="187" hits="0" branch="false"/>
<line number="188" hits="0" branch="false"/>
<line number="189" hits="0" branch="false"/>
<line number="190" hits="0" branch="false"/>
<line number="191" hits="0" branch="false"/>
<line number="193" hits="0" branch="false"/>
<line number="194" hits="0" branch="false"/>
<line number="200" hits="0" branch="false"/>
<line number="201" hits="0" branch="false"/>
<line number="202" hits="0" branch="false"/>
<line number="203" hits="0" branch="false"/>
<line number="204" hits="0" branch="false"/>
<line number="206" hits="0" branch="false"/>
<line number="207" hits="0" branch="false"/>
<line number="209" hits="0" branch="false"/>
</lines>
</class>
<class name="matRad_getEnvironment" filename="tools\matRad_getEnvironment.m" line-rate="0.000" branch-rate="0.0">
<methods></methods><lines>
<line number="32" hits="0" branch="false"/>
<line number="34" hits="0" branch="false"/>
<line number="35" hits="0" branch="false"/>
</lines>
</class>
<class name="matRad_plotSliceWrapper" filename="tools\matRad_plotSliceWrapper.m" line-rate="0.000" branch-rate="0.0">
<methods></methods><lines>
<line number="67" hits="0" branch="false"/>
<line number="68" hits="0" branch="false"/>
<line number="70" hits="0" branch="false"/>
<line number="71" hits="0" branch="false"/>
<line number="73" hits="0" branch="false"/>
<line number="74" hits="0" branch="false"/>
<line number="76" hits="0" branch="false"/>
<line number="77" hits="0" branch="false"/>
<line number="79" hits="0" branch="false"/>
<line number="80" hits="0" branch="false"/>
<line number="82" hits="0" branch="false"/>
<line number="83" hits="0" branch="false"/>
<line number="86" hits="0" branch="false"/>
<line number="87" hits="0" branch="false"/>
<line number="90" hits="0" branch="false"/>
<line number="91" hits="0" branch="false"/>
<line number="94" hits="0" branch="false"/>
<line number="95" hits="0" branch="false"/>
<line number="98" hits="0" branch="false"/>
<line number="99" hits="0" branch="false"/>
<line number="102" hits="0" branch="false"/>
<line number="104" hits="0" branch="false"/>
<line number="105" hits="0" branch="false"/>
<line number="108" hits="0" branch="false"/>
<line number="111" hits="0" branch="false"/>
<line number="112" hits="0" branch="false"/>
<line number="113" hits="0" branch="false"/>
<line number="115" hits="0" branch="false"/>
<line number="119" hits="0" branch="false"/>
<line number="120" hits="0" branch="false"/>
<line number="122" hits="0" branch="false"/>
<line number="123" hits="0" branch="false"/>
<line number="124" hits="0" branch="false"/>
<line number="125" hits="0" branch="false"/>
<line number="126" hits="0" branch="false"/>
<line number="127" hits="0" branch="false"/>
<line number="129" hits="0" branch="false"/>
<line number="131" hits="0" branch="false"/>
<line number="132" hits="0" branch="false"/>
<line number="133" hits="0" branch="false"/>
<line number="137" hits="0" branch="false"/>
<line number="140" hits="0" branch="false"/>
<line number="141" hits="0" branch="false"/>
<line number="142" hits="0" branch="false"/>
<line number="144" hits="0" branch="false"/>
<line number="148" hits="0" branch="false"/>
<line number="150" hits="0" branch="false"/>
<line number="151" hits="0" branch="false"/>
<line number="152" hits="0" branch="false"/>
<line number="153" hits="0" branch="false"/>
<line number="155" hits="0" branch="false"/>
<line number="156" hits="0" branch="false"/>
<line number="158" hits="0" branch="false"/>
<line number="159" hits="0" branch="false"/>
<line number="162" hits="0" branch="false"/>
<line number="163" hits="0" branch="false"/>
<line number="164" hits="0" branch="false"/>
</lines>
</class>
<class name="matRad_updatePatientDataCsts" filename="tools\matRad_updatePatientDataCsts.m" line-rate="0.000" branch-rate="0.0">
<methods></methods><lines>
<line number="2" hits="0" branch="false"/>
<line number="3" hits="0" branch="false"/>
<line number="4" hits="0" branch="false"/>
<line number="5" hits="0" branch="false"/>
<line number="7" hits="0" branch="false"/>
<line number="8" hits="0" branch="false"/>
<line number="9" hits="0" branch="false"/>
<line number="10" hits="0" branch="false"/>
<line number="12" hits="0" branch="false"/>
<line number="13" hits="0" branch="false"/>
<line number="14" hits="0" branch="false"/>
<line number="15" hits="0" branch="false"/>
<line number="17" hits="0" branch="false"/>
<line number="18" hits="0" branch="false"/>
<line number="19" hits="0" branch="false"/>
<line number="20" hits="0" branch="false"/>
<line number="22" hits="0" branch="false"/>
<line number="23" hits="0" branch="false"/>
<line number="24" hits="0" branch="false"/>
<line number="25" hits="0" branch="false"/>
</lines>
</class>
<class name="matRad_visPhotonFieldShapes" filename="tools\matRad_visPhotonFieldShapes.m" line-rate="0.000" branch-rate="0.0">
<methods></methods><lines>
<line number="32" hits="0" branch="false"/>
<line number="33" hits="0" branch="false"/>
<line number="39" hits="0" branch="false"/>
<line number="43" hits="0" branch="false"/>
<line number="44" hits="0" branch="false"/>
<line number="46" hits="0" branch="false"/>
<line number="48" hits="0" branch="false"/>
<line number="50" hits="0" branch="false"/>
<line number="52" hits="0" branch="false"/>
<line number="53" hits="0" branch="false"/>
<line number="55" hits="0" branch="false"/>
<line number="56" hits="0" branch="false"/>
<line number="58" hits="0" branch="false"/>
<line number="59" hits="0" branch="false"/>
</lines>
</class>
<class name="matRad_visSpotWeights" filename="tools\matRad_visSpotWeights.m" line-rate="0.000" branch-rate="0.0">
<methods></methods><lines>
<line number="31" hits="0" branch="false"/>
<line number="34" hits="0" branch="false"/>
<line number="35" hits="0" branch="false"/>
<line number="36" hits="0" branch="false"/>
<line number="37" hits="0" branch="false"/>
<line number="38" hits="0" branch="false"/>
<line number="39" hits="0" branch="false"/>
<line number="40" hits="0" branch="false"/>
<line number="41" hits="0" branch="false"/>
<line number="42" hits="0" branch="false"/>
<line number="47" hits="0" branch="false"/>
<line number="50" hits="0" branch="false"/>
<line number="51" hits="0" branch="false"/>
<line number="52" hits="0" branch="false"/>
<line number="54" hits="0" branch="false"/>
<line number="56" hits="0" branch="false"/>
<line number="59" hits="0" branch="false"/>
<line number="60" hits="0" branch="false"/>
<line number="61" hits="0" branch="false"/>
<line number="62" hits="0" branch="false"/>
<line number="63" hits="0" branch="false"/>
<line number="66" hits="0" branch="false"/>
<line number="68" hits="0" branch="false"/>
<line number="71" hits="0" branch="false"/>
<line number="73" hits="0" branch="false"/>
<line number="75" hits="0" branch="false"/>
<line number="76" hits="0" branch="false"/>
<line number="77" hits="0" branch="false"/>
<line number="81" hits="0" branch="false"/>
<line number="82" hits="0" branch="false"/>
<line number="83" hits="0" branch="false"/>
<line number="84" hits="0" branch="false"/>
<line number="85" hits="0" branch="false"/>
<line number="86" hits="0" branch="false"/>
<line number="87" hits="0" branch="false"/>
<line number="88" hits="0" branch="false"/>
<line number="89" hits="0" branch="false"/>
<line number="90" hits="0" branch="false"/>
<line number="91" hits="0" branch="false"/>
<line number="98" hits="0" branch="false"/>
<line number="100" hits="0" branch="false"/>
<line number="101" hits="0" branch="false"/>
<line number="104" hits="0" branch="false"/>
<line number="105" hits="0" branch="false"/>
<line number="106" hits="0" branch="false"/>
<line number="107" hits="0" branch="false"/>
<line number="108" hits="0" branch="false"/>
<line number="111" hits="0" branch="false"/>
<line number="112" hits="0" branch="false"/>
<line number="115" hits="0" branch="false"/>
<line number="118" hits="0" branch="false"/>
<line number="120" hits="0" branch="false"/>
<line number="122" hits="0" branch="false"/>
<line number="124" hits="0" branch="false"/>
<line number="126" hits="0" branch="false"/>
<line number="129" hits="0" branch="false"/>
<line number="130" hits="0" branch="false"/>
<line number="131" hits="0" branch="false"/>
<line number="135" hits="0" branch="false"/>
<line number="136" hits="0" branch="false"/>
<line number="137" hits="0" branch="false"/>
<line number="143" hits="0" branch="false"/>
<line number="144" hits="0" branch="false"/>
<line number="146" hits="0" branch="false"/>
<line number="149" hits="0" branch="false"/>
<line number="150" hits="0" branch="false"/>
<line number="151" hits="0" branch="false"/>
<line number="152" hits="0" branch="false"/>
<line number="153" hits="0" branch="false"/>
<line number="154" hits="0" branch="false"/>
<line number="155" hits="0" branch="false"/>
<line number="156" hits="0" branch="false"/>
<line number="157" hits="0" branch="false"/>
<line number="158" hits="0" branch="false"/>
<line number="159" hits="0" branch="false"/>
<line number="170" hits="0" branch="false"/>
<line number="171" hits="0" branch="false"/>
<line number="172" hits="0" branch="false"/>
<line number="175" hits="0" branch="false"/>
<line number="176" hits="0" branch="false"/>
<line number="179" hits="0" branch="false"/>
<line number="182" hits="0" branch="false"/>
<line number="183" hits="0" branch="false"/>
<line number="186" hits="0" branch="false"/>
<line number="187" hits="0" branch="false"/>
<line number="188" hits="0" branch="false"/>
</lines>
</class>
<class name="matRad_runTests" filename="unitTest\matRad_runTests.m" line-rate="0.000" branch-rate="0.0">
<methods></methods><lines>
<line number="17" hits="0" branch="false"/>
<line number="20" hits="0" branch="false"/>
<line number="21" hits="0" branch="false"/>
<line number="24" hits="0" branch="false"/>
<line number="25" hits="0" branch="false"/>
<line number="28" hits="0" branch="false"/>
<line number="37" hits="0" branch="false"/>
<line number="38" hits="0" branch="false"/>
<line number="41" hits="0" branch="false"/>
<line number="42" hits="0" branch="false"/>
<line number="43" hits="0" branch="false"/>
<line number="44" hits="0" branch="false"/>
<line number="46" hits="0" branch="false"/>
<line number="47" hits="0" branch="false"/>
<line number="49" hits="0" branch="false"/>
<line number="51" hits="0" branch="false"/>
<line number="52" hits="0" branch="false"/>
<line number="53" hits="0" branch="false"/>
<line number="54" hits="0" branch="false"/>
<line number="55" hits="0" branch="false"/>
<line number="56" hits="0" branch="false"/>
<line number="57" hits="0" branch="false"/>
<line number="58" hits="0" branch="false"/>
<line number="59" hits="0" branch="false"/>
<line number="60" hits="0" branch="false"/>
<line number="62" hits="0" branch="false"/>
<line number="64" hits="0" branch="false"/>
<line number="65" hits="0" branch="false"/>
<line number="66" hits="0" branch="false"/>
<line number="71" hits="0" branch="false"/>
<line number="72" hits="0" branch="false"/>
</lines>
</class>
<class name="matRad_unitTestTextManipulation" filename="unitTest\matRad_unitTestTextManipulation.m" line-rate="0.000" branch-rate="0.0">
<methods></methods><lines>
<line number="37" hits="0" branch="false"/>
<line number="38" hits="0" branch="false"/>
<line number="41" hits="0" branch="false"/>
<line number="42" hits="0" branch="false"/>
<line number="45" hits="0" branch="false"/>
<line number="47" hits="0" branch="false"/>
<line number="49" hits="0" branch="false"/>
<line number="50" hits="0" branch="false"/>
<line number="51" hits="0" branch="false"/>
<line number="53" hits="0" branch="false"/>
<line number="55" hits="0" branch="false"/>
<line number="56" hits="0" branch="false"/>
<line number="58" hits="0" branch="false"/>
<line number="60" hits="0" branch="false"/>
<line number="64" hits="0" branch="false"/>
<line number="65" hits="0" branch="false"/>
<line number="68" hits="0" branch="false"/>
</lines>
</class>
<class name="quadraticSolverTest" filename="unitTest\quadraticSolverTest.m" line-rate="0.000" branch-rate="0.0">
<methods></methods><lines>
<line number="2" hits="0" branch="false"/>
<line number="3" hits="0" branch="false"/>
<line number="4" hits="0" branch="false"/>
<line number="6" hits="0" branch="false"/>
<line number="9" hits="0" branch="false"/>
<line number="10" hits="0" branch="false"/>
<line number="11" hits="0" branch="false"/>
<line number="15" hits="0" branch="false"/>
<line number="16" hits="0" branch="false"/>
<line number="17" hits="0" branch="false"/>
</lines>
</class>
<class name="test_of_abs" filename="unitTest\test_of_abs.m" line-rate="0.000" branch-rate="0.0">
<methods></methods><lines>
<line number="2" hits="0" branch="false"/>
<line number="3" hits="0" branch="false"/>
<line number="4" hits="0" branch="false"/>
<line number="6" hits="0" branch="false"/>
<line number="9" hits="0" branch="false"/>
<line number="10" hits="0" branch="false"/>
<line number="11" hits="0" branch="false"/>
<line number="12" hits="0" branch="false"/>
<line number="13" hits="0" branch="false"/>
<line number="16" hits="0" branch="false"/>
<line number="20" hits="0" branch="false"/>
<line number="21" hits="0" branch="false"/>
<line number="23" hits="0" branch="false"/>
</lines>
</class>
</classes></package></packages>
</coverage>
